{"C:\\Users\\asus\\Desktop\\mytheresa\\src\\app_config.js": {"path":"C:\\Users\\asus\\Desktop\\mytheresa\\src\\app_config.js","statementMap":{"0":{"start":{"line":1,"column":23},"end":{"line":1,"column":57}}},"fnMap":{},"branchMap":{},"s":{"0":7},"f":{},"b":{},"_coverageSchema":"1a1c01bbd47fc00a2c39e90264f33305004495a9","hash":"203fca91b9c9dc9a7081e8e7decb69835dfb011d"}
,"C:\\Users\\asus\\Desktop\\mytheresa\\src\\mocks.js": {"path":"C:\\Users\\asus\\Desktop\\mytheresa\\src\\mocks.js","statementMap":{"0":{"start":{"line":9,"column":18},"end":{"line":9,"column":45}},"1":{"start":{"line":10,"column":14},"end":{"line":10,"column":36}},"2":{"start":{"line":11,"column":0},"end":{"line":11,"column":27}},"3":{"start":{"line":13,"column":21},"end":{"line":27,"column":2}},"4":{"start":{"line":29,"column":31},"end":{"line":41,"column":1}},"5":{"start":{"line":30,"column":2},"end":{"line":40,"column":4}},"6":{"start":{"line":43,"column":26},"end":{"line":45,"column":1}},"7":{"start":{"line":47,"column":31},"end":{"line":47,"column":40}},"8":{"start":{"line":48,"column":31},"end":{"line":48,"column":40}},"9":{"start":{"line":50,"column":30},"end":{"line":50,"column":62}},"10":{"start":{"line":51,"column":30},"end":{"line":51,"column":39}},"11":{"start":{"line":52,"column":0},"end":{"line":52,"column":47}}},"fnMap":{"0":{"name":"(anonymous_0)","decl":{"start":{"line":29,"column":31},"end":{"line":29,"column":32}},"loc":{"start":{"line":29,"column":63},"end":{"line":41,"column":1}},"line":29}},"branchMap":{"0":{"loc":{"start":{"line":29,"column":45},"end":{"line":29,"column":56}},"type":"default-arg","locations":[{"start":{"line":29,"column":54},"end":{"line":29,"column":56}}],"line":29}},"s":{"0":11,"1":11,"2":11,"3":11,"4":11,"5":2,"6":11,"7":11,"8":11,"9":11,"10":11,"11":11},"f":{"0":2},"b":{"0":[2]},"_coverageSchema":"1a1c01bbd47fc00a2c39e90264f33305004495a9","hash":"5a124d605769e00d309e77c2e6cc947b1da7b1a9"}
,"C:\\Users\\asus\\Desktop\\mytheresa\\src\\assets\\images\\placeholder.png": {"path":"C:\\Users\\asus\\Desktop\\mytheresa\\src\\assets\\images\\placeholder.png","statementMap":{"0":{"start":{"line":1,"column":0},"end":{"line":1,"column":19}}},"fnMap":{},"branchMap":{},"s":{"0":7},"f":{},"b":{},"inputSourceMap":null,"_coverageSchema":"1a1c01bbd47fc00a2c39e90264f33305004495a9","hash":"55f69686f0078168c1ded99f7631edaafab5898d"}
,"C:\\Users\\asus\\Desktop\\mytheresa\\src\\assets\\images\\sad.png": {"path":"C:\\Users\\asus\\Desktop\\mytheresa\\src\\assets\\images\\sad.png","statementMap":{"0":{"start":{"line":1,"column":0},"end":{"line":1,"column":19}}},"fnMap":{},"branchMap":{},"s":{"0":7},"f":{},"b":{},"inputSourceMap":null,"_coverageSchema":"1a1c01bbd47fc00a2c39e90264f33305004495a9","hash":"71c16af6104a529861ce7f334dfa14bc827ce71b"}
,"C:\\Users\\asus\\Desktop\\mytheresa\\src\\assets\\images\\search.png": {"path":"C:\\Users\\asus\\Desktop\\mytheresa\\src\\assets\\images\\search.png","statementMap":{"0":{"start":{"line":1,"column":0},"end":{"line":1,"column":19}}},"fnMap":{},"branchMap":{},"s":{"0":7},"f":{},"b":{},"inputSourceMap":null,"_coverageSchema":"1a1c01bbd47fc00a2c39e90264f33305004495a9","hash":"fd65730f6fb56e54bdb862d917907ccb94e5692d"}
,"C:\\Users\\asus\\Desktop\\mytheresa\\src\\assets\\images\\tada.png": {"path":"C:\\Users\\asus\\Desktop\\mytheresa\\src\\assets\\images\\tada.png","statementMap":{"0":{"start":{"line":1,"column":0},"end":{"line":1,"column":19}}},"fnMap":{},"branchMap":{},"s":{"0":7},"f":{},"b":{},"inputSourceMap":null,"_coverageSchema":"1a1c01bbd47fc00a2c39e90264f33305004495a9","hash":"8dc8e77cfca8f0209798c98b02528a72ef806e27"}
,"C:\\Users\\asus\\Desktop\\mytheresa\\src\\components\\index.js": {"path":"C:\\Users\\asus\\Desktop\\mytheresa\\src\\components\\index.js","statementMap":{},"fnMap":{},"branchMap":{},"s":{},"f":{},"b":{},"_coverageSchema":"1a1c01bbd47fc00a2c39e90264f33305004495a9","hash":"038f40808a20034e82bd1e9e8e00bcfbba8588f7"}
,"C:\\Users\\asus\\Desktop\\mytheresa\\src\\components\\Carousel\\index.tsx": {"path":"C:\\Users\\asus\\Desktop\\mytheresa\\src\\components\\Carousel\\index.tsx","statementMap":{"0":{"start":{"line":17,"column":20},"end":{"line":17,"column":45}},"1":{"start":{"line":18,"column":21},"end":{"line":18,"column":38}},"2":{"start":{"line":20,"column":17},"end":{"line":73,"column":1}},"3":{"start":{"line":26,"column":22},"end":{"line":26,"column":38}},"4":{"start":{"line":27,"column":17},"end":{"line":27,"column":55}},"5":{"start":{"line":27,"column":31},"end":{"line":27,"column":50}},"6":{"start":{"line":28,"column":2},"end":{"line":72,"column":4}},"7":{"start":{"line":30,"column":30},"end":{"line":30,"column":37}},"8":{"start":{"line":37,"column":8},"end":{"line":55,"column":15}},"9":{"start":{"line":46,"column":27},"end":{"line":46,"column":70}},"10":{"start":{"line":75,"column":15},"end":{"line":105,"column":2}}},"fnMap":{"0":{"name":"(anonymous_0)","decl":{"start":{"line":20,"column":17},"end":{"line":20,"column":18}},"loc":{"start":{"line":25,"column":6},"end":{"line":73,"column":1}},"line":25},"1":{"name":"(anonymous_1)","decl":{"start":{"line":27,"column":25},"end":{"line":27,"column":26}},"loc":{"start":{"line":27,"column":31},"end":{"line":27,"column":50}},"line":27},"2":{"name":"(anonymous_2)","decl":{"start":{"line":30,"column":20},"end":{"line":30,"column":21}},"loc":{"start":{"line":30,"column":30},"end":{"line":30,"column":37}},"line":30},"3":{"name":"(anonymous_3)","decl":{"start":{"line":34,"column":18},"end":{"line":34,"column":19}},"loc":{"start":{"line":37,"column":8},"end":{"line":55,"column":15}},"line":37},"4":{"name":"(anonymous_4)","decl":{"start":{"line":46,"column":21},"end":{"line":46,"column":22}},"loc":{"start":{"line":46,"column":27},"end":{"line":46,"column":70}},"line":46}},"branchMap":{"0":{"loc":{"start":{"line":21,"column":2},"end":{"line":21,"column":15}},"type":"default-arg","locations":[{"start":{"line":21,"column":13},"end":{"line":21,"column":15}}],"line":21},"1":{"loc":{"start":{"line":23,"column":2},"end":{"line":23,"column":19}},"type":"default-arg","locations":[{"start":{"line":23,"column":14},"end":{"line":23,"column":19}}],"line":23},"2":{"loc":{"start":{"line":51,"column":13},"end":{"line":53,"column":21}},"type":"cond-expr","locations":[{"start":{"line":52,"column":16},"end":{"line":52,"column":50}},{"start":{"line":53,"column":16},"end":{"line":53,"column":21}}],"line":51},"3":{"loc":{"start":{"line":59,"column":11},"end":{"line":68,"column":11}},"type":"cond-expr","locations":[{"start":{"line":60,"column":12},"end":{"line":60,"column":76}},{"start":{"line":62,"column":12},"end":{"line":67,"column":19}}],"line":59}},"s":{"0":11,"1":11,"2":11,"3":3,"4":3,"5":3,"6":3,"7":0,"8":0,"9":0,"10":11},"f":{"0":3,"1":3,"2":0,"3":0,"4":0},"b":{"0":[3],"1":[3],"2":[0,0],"3":[0,3]},"_coverageSchema":"1a1c01bbd47fc00a2c39e90264f33305004495a9","hash":"bd6fb4fa86cd48098199125c597fa428c2c2d07e"}
,"C:\\Users\\asus\\Desktop\\mytheresa\\src\\components\\Layout\\index.tsx": {"path":"C:\\Users\\asus\\Desktop\\mytheresa\\src\\components\\Layout\\index.tsx","statementMap":{"0":{"start":{"line":14,"column":15},"end":{"line":56,"column":1}},"1":{"start":{"line":22,"column":22},"end":{"line":22,"column":38}},"2":{"start":{"line":23,"column":17},"end":{"line":23,"column":55}},"3":{"start":{"line":23,"column":31},"end":{"line":23,"column":50}},"4":{"start":{"line":24,"column":2},"end":{"line":55,"column":4}},"5":{"start":{"line":39,"column":31},"end":{"line":39,"column":50}},"6":{"start":{"line":58,"column":15},"end":{"line":87,"column":2}}},"fnMap":{"0":{"name":"(anonymous_0)","decl":{"start":{"line":14,"column":15},"end":{"line":14,"column":16}},"loc":{"start":{"line":21,"column":19},"end":{"line":56,"column":1}},"line":21},"1":{"name":"(anonymous_1)","decl":{"start":{"line":23,"column":25},"end":{"line":23,"column":26}},"loc":{"start":{"line":23,"column":31},"end":{"line":23,"column":50}},"line":23},"2":{"name":"(anonymous_2)","decl":{"start":{"line":39,"column":25},"end":{"line":39,"column":26}},"loc":{"start":{"line":39,"column":31},"end":{"line":39,"column":50}},"line":39}},"branchMap":{"0":{"loc":{"start":{"line":16,"column":2},"end":{"line":16,"column":19}},"type":"default-arg","locations":[{"start":{"line":16,"column":14},"end":{"line":16,"column":19}}],"line":16},"1":{"loc":{"start":{"line":17,"column":2},"end":{"line":17,"column":17}},"type":"default-arg","locations":[{"start":{"line":17,"column":12},"end":{"line":17,"column":17}}],"line":17},"2":{"loc":{"start":{"line":26,"column":7},"end":{"line":53,"column":7}},"type":"cond-expr","locations":[{"start":{"line":27,"column":8},"end":{"line":32,"column":10}},{"start":{"line":34,"column":8},"end":{"line":52,"column":11}}],"line":26},"3":{"loc":{"start":{"line":35,"column":11},"end":{"line":50,"column":11}},"type":"binary-expr","locations":[{"start":{"line":35,"column":11},"end":{"line":35,"column":18}},{"start":{"line":36,"column":12},"end":{"line":49,"column":19}}],"line":35}},"s":{"0":11,"1":11,"2":11,"3":11,"4":11,"5":0,"6":11},"f":{"0":11,"1":11,"2":0},"b":{"0":[9],"1":[8],"2":[1,10],"3":[10,2]},"_coverageSchema":"1a1c01bbd47fc00a2c39e90264f33305004495a9","hash":"eae2409fccc0112f4717186ea57496593c1b6dbc"}
,"C:\\Users\\asus\\Desktop\\mytheresa\\src\\components\\List\\index.tsx": {"path":"C:\\Users\\asus\\Desktop\\mytheresa\\src\\components\\List\\index.tsx","statementMap":{"0":{"start":{"line":21,"column":13},"end":{"line":109,"column":1}},"1":{"start":{"line":32,"column":22},"end":{"line":32,"column":38}},"2":{"start":{"line":33,"column":17},"end":{"line":33,"column":55}},"3":{"start":{"line":33,"column":31},"end":{"line":33,"column":50}},"4":{"start":{"line":35,"column":2},"end":{"line":108,"column":4}},"5":{"start":{"line":47,"column":34},"end":{"line":47,"column":41}},"6":{"start":{"line":57,"column":12},"end":{"line":83,"column":23}},"7":{"start":{"line":59,"column":29},"end":{"line":59,"column":72}},"8":{"start":{"line":75,"column":33},"end":{"line":75,"column":48}},"9":{"start":{"line":94,"column":29},"end":{"line":94,"column":60}},"10":{"start":{"line":111,"column":15},"end":{"line":136,"column":2}}},"fnMap":{"0":{"name":"(anonymous_0)","decl":{"start":{"line":21,"column":13},"end":{"line":21,"column":14}},"loc":{"start":{"line":31,"column":17},"end":{"line":109,"column":1}},"line":31},"1":{"name":"(anonymous_1)","decl":{"start":{"line":33,"column":25},"end":{"line":33,"column":26}},"loc":{"start":{"line":33,"column":31},"end":{"line":33,"column":50}},"line":33},"2":{"name":"(anonymous_2)","decl":{"start":{"line":47,"column":24},"end":{"line":47,"column":25}},"loc":{"start":{"line":47,"column":34},"end":{"line":47,"column":41}},"line":47},"3":{"name":"(anonymous_3)","decl":{"start":{"line":49,"column":22},"end":{"line":49,"column":23}},"loc":{"start":{"line":57,"column":12},"end":{"line":83,"column":23}},"line":57},"4":{"name":"(anonymous_4)","decl":{"start":{"line":59,"column":23},"end":{"line":59,"column":24}},"loc":{"start":{"line":59,"column":29},"end":{"line":59,"column":72}},"line":59},"5":{"name":"(anonymous_5)","decl":{"start":{"line":75,"column":27},"end":{"line":75,"column":28}},"loc":{"start":{"line":75,"column":33},"end":{"line":75,"column":48}},"line":75},"6":{"name":"(anonymous_6)","decl":{"start":{"line":94,"column":23},"end":{"line":94,"column":24}},"loc":{"start":{"line":94,"column":29},"end":{"line":94,"column":60}},"line":94}},"branchMap":{"0":{"loc":{"start":{"line":24,"column":2},"end":{"line":24,"column":19}},"type":"default-arg","locations":[{"start":{"line":24,"column":14},"end":{"line":24,"column":19}}],"line":24},"1":{"loc":{"start":{"line":27,"column":2},"end":{"line":27,"column":21}},"type":"default-arg","locations":[{"start":{"line":27,"column":16},"end":{"line":27,"column":21}}],"line":27},"2":{"loc":{"start":{"line":28,"column":2},"end":{"line":28,"column":19}},"type":"default-arg","locations":[{"start":{"line":28,"column":14},"end":{"line":28,"column":19}}],"line":28},"3":{"loc":{"start":{"line":37,"column":7},"end":{"line":41,"column":7}},"type":"binary-expr","locations":[{"start":{"line":37,"column":7},"end":{"line":37,"column":17}},{"start":{"line":37,"column":21},"end":{"line":37,"column":38}},{"start":{"line":37,"column":42},"end":{"line":37,"column":49}},{"start":{"line":38,"column":8},"end":{"line":40,"column":15}}],"line":37},"4":{"loc":{"start":{"line":70,"column":18},"end":{"line":70,"column":49}},"type":"cond-expr","locations":[{"start":{"line":70,"column":32},"end":{"line":70,"column":43}},{"start":{"line":70,"column":46},"end":{"line":70,"column":49}}],"line":70},"5":{"loc":{"start":{"line":73,"column":15},"end":{"line":82,"column":15}},"type":"cond-expr","locations":[{"start":{"line":74,"column":16},"end":{"line":79,"column":18}},{"start":{"line":81,"column":16},"end":{"line":81,"column":36}}],"line":73},"6":{"loc":{"start":{"line":87,"column":11},"end":{"line":96,"column":11}},"type":"binary-expr","locations":[{"start":{"line":87,"column":11},"end":{"line":87,"column":22}},{"start":{"line":87,"column":26},"end":{"line":87,"column":36}},{"start":{"line":87,"column":40},"end":{"line":87,"column":58}},{"start":{"line":88,"column":12},"end":{"line":95,"column":14}}],"line":87},"7":{"loc":{"start":{"line":97,"column":11},"end":{"line":104,"column":11}},"type":"binary-expr","locations":[{"start":{"line":97,"column":11},"end":{"line":97,"column":20}},{"start":{"line":98,"column":12},"end":{"line":103,"column":14}}],"line":97}},"s":{"0":11,"1":1,"2":1,"3":1,"4":1,"5":0,"6":0,"7":0,"8":0,"9":0,"10":11},"f":{"0":1,"1":1,"2":0,"3":0,"4":0,"5":0,"6":0},"b":{"0":[1],"1":[1],"2":[1],"3":[1,1,1,0],"4":[0,0],"5":[0,0],"6":[1,0,0,0],"7":[1,0]},"_coverageSchema":"1a1c01bbd47fc00a2c39e90264f33305004495a9","hash":"c10ad2760da28f3404956f9fe81fe297d70ae219"}
,"C:\\Users\\asus\\Desktop\\mytheresa\\src\\components\\Section\\index.tsx": {"path":"C:\\Users\\asus\\Desktop\\mytheresa\\src\\components\\Section\\index.tsx","statementMap":{"0":{"start":{"line":7,"column":16},"end":{"line":18,"column":1}},"1":{"start":{"line":8,"column":22},"end":{"line":8,"column":38}},"2":{"start":{"line":9,"column":17},"end":{"line":9,"column":55}},"3":{"start":{"line":9,"column":31},"end":{"line":9,"column":50}},"4":{"start":{"line":10,"column":2},"end":{"line":17,"column":4}},"5":{"start":{"line":20,"column":15},"end":{"line":29,"column":2}}},"fnMap":{"0":{"name":"(anonymous_0)","decl":{"start":{"line":7,"column":16},"end":{"line":7,"column":17}},"loc":{"start":{"line":7,"column":61},"end":{"line":18,"column":1}},"line":7},"1":{"name":"(anonymous_1)","decl":{"start":{"line":9,"column":25},"end":{"line":9,"column":26}},"loc":{"start":{"line":9,"column":31},"end":{"line":9,"column":50}},"line":9}},"branchMap":{},"s":{"0":11,"1":8,"2":8,"3":8,"4":8,"5":11},"f":{"0":8,"1":8},"b":{},"_coverageSchema":"1a1c01bbd47fc00a2c39e90264f33305004495a9","hash":"78d3f9b55ae3fb81b82f088c6249398cd19aecb1"}
,"C:\\Users\\asus\\Desktop\\mytheresa\\src\\constants\\api.js": {"path":"C:\\Users\\asus\\Desktop\\mytheresa\\src\\constants\\api.js","statementMap":{"0":{"start":{"line":1,"column":24},"end":{"line":1,"column":54}},"1":{"start":{"line":3,"column":25},"end":{"line":3,"column":73}},"2":{"start":{"line":3,"column":36},"end":{"line":3,"column":73}}},"fnMap":{"0":{"name":"(anonymous_0)","decl":{"start":{"line":3,"column":25},"end":{"line":3,"column":26}},"loc":{"start":{"line":3,"column":36},"end":{"line":3,"column":73}},"line":3}},"branchMap":{},"s":{"0":11,"1":11,"2":1},"f":{"0":1},"b":{},"_coverageSchema":"1a1c01bbd47fc00a2c39e90264f33305004495a9","hash":"c52703e47989222696b25d5ca0c0de902b3e0f22"}
,"C:\\Users\\asus\\Desktop\\mytheresa\\src\\constants\\colors.ts": {"path":"C:\\Users\\asus\\Desktop\\mytheresa\\src\\constants\\colors.ts","statementMap":{"0":{"start":{"line":1,"column":23},"end":{"line":1,"column":32}},"1":{"start":{"line":2,"column":22},"end":{"line":2,"column":28}}},"fnMap":{},"branchMap":{},"s":{"0":11,"1":11},"f":{},"b":{},"_coverageSchema":"1a1c01bbd47fc00a2c39e90264f33305004495a9","hash":"72010125e1e7024d97fa642d2b05ede80b5846b6"}
,"C:\\Users\\asus\\Desktop\\mytheresa\\src\\constants\\general.js": {"path":"C:\\Users\\asus\\Desktop\\mytheresa\\src\\constants\\general.js","statementMap":{"0":{"start":{"line":1,"column":26},"end":{"line":1,"column":29}}},"fnMap":{},"branchMap":{},"s":{"0":11},"f":{},"b":{},"_coverageSchema":"1a1c01bbd47fc00a2c39e90264f33305004495a9","hash":"0c1c90bd14428cf7706a224e57ae97878030831f"}
,"C:\\Users\\asus\\Desktop\\mytheresa\\src\\constants\\layout.ts": {"path":"C:\\Users\\asus\\Desktop\\mytheresa\\src\\constants\\layout.ts","statementMap":{"0":{"start":{"line":3,"column":14},"end":{"line":3,"column":44}},"1":{"start":{"line":4,"column":15},"end":{"line":4,"column":46}}},"fnMap":{},"branchMap":{},"s":{"0":11,"1":11},"f":{},"b":{},"_coverageSchema":"1a1c01bbd47fc00a2c39e90264f33305004495a9","hash":"f113800c30f3574f7eac57984a3f09a7137ff6b2"}
,"C:\\Users\\asus\\Desktop\\mytheresa\\src\\constants\\ui.js": {"path":"C:\\Users\\asus\\Desktop\\mytheresa\\src\\constants\\ui.js","statementMap":{"0":{"start":{"line":1,"column":27},"end":{"line":1,"column":30}},"1":{"start":{"line":2,"column":28},"end":{"line":2,"column":31}},"2":{"start":{"line":3,"column":25},"end":{"line":3,"column":28}},"3":{"start":{"line":5,"column":33},"end":{"line":5,"column":35}}},"fnMap":{},"branchMap":{},"s":{"0":11,"1":11,"2":11,"3":11},"f":{},"b":{},"_coverageSchema":"1a1c01bbd47fc00a2c39e90264f33305004495a9","hash":"3e360a3e747b98809d69ad40a13392bf6805c7c5"}
,"C:\\Users\\asus\\Desktop\\mytheresa\\src\\hooks\\index.js": {"path":"C:\\Users\\asus\\Desktop\\mytheresa\\src\\hooks\\index.js","statementMap":{},"fnMap":{},"branchMap":{},"s":{},"f":{},"b":{},"_coverageSchema":"1a1c01bbd47fc00a2c39e90264f33305004495a9","hash":"511bc801b2536f4923e4034f216afc689306b226"}
,"C:\\Users\\asus\\Desktop\\mytheresa\\src\\hooks\\useBackHandler.ts": {"path":"C:\\Users\\asus\\Desktop\\mytheresa\\src\\hooks\\useBackHandler.ts","statementMap":{"0":{"start":{"line":7,"column":23},"end":{"line":16,"column":1}},"1":{"start":{"line":8,"column":2},"end":{"line":15,"column":4}},"2":{"start":{"line":10,"column":6},"end":{"line":10,"column":74}},"3":{"start":{"line":11,"column":6},"end":{"line":13,"column":8}},"4":{"start":{"line":12,"column":8},"end":{"line":12,"column":79}}},"fnMap":{"0":{"name":"(anonymous_0)","decl":{"start":{"line":7,"column":23},"end":{"line":7,"column":24}},"loc":{"start":{"line":7,"column":62},"end":{"line":16,"column":1}},"line":7},"1":{"name":"(anonymous_1)","decl":{"start":{"line":9,"column":16},"end":{"line":9,"column":17}},"loc":{"start":{"line":9,"column":22},"end":{"line":14,"column":5}},"line":9},"2":{"name":"(anonymous_2)","decl":{"start":{"line":11,"column":13},"end":{"line":11,"column":14}},"loc":{"start":{"line":11,"column":19},"end":{"line":13,"column":7}},"line":11}},"branchMap":{},"s":{"0":7,"1":2,"2":2,"3":2,"4":0},"f":{"0":2,"1":2,"2":0},"b":{},"_coverageSchema":"1a1c01bbd47fc00a2c39e90264f33305004495a9","hash":"32d073ae161626dffa99623119f228ea9c351bef"}
,"C:\\Users\\asus\\Desktop\\mytheresa\\src\\hooks\\useCachedResources.ts": {"path":"C:\\Users\\asus\\Desktop\\mytheresa\\src\\hooks\\useCachedResources.ts","statementMap":{"0":{"start":{"line":7,"column":50},"end":{"line":7,"column":71}},"1":{"start":{"line":10,"column":2},"end":{"line":30,"column":9}},"2":{"start":{"line":12,"column":6},"end":{"line":26,"column":7}},"3":{"start":{"line":13,"column":8},"end":{"line":13,"column":44}},"4":{"start":{"line":16,"column":8},"end":{"line":19,"column":11}},"5":{"start":{"line":22,"column":8},"end":{"line":22,"column":24}},"6":{"start":{"line":24,"column":8},"end":{"line":24,"column":33}},"7":{"start":{"line":25,"column":8},"end":{"line":25,"column":33}},"8":{"start":{"line":29,"column":4},"end":{"line":29,"column":32}},"9":{"start":{"line":32,"column":2},"end":{"line":32,"column":27}}},"fnMap":{"0":{"name":"useCachedResources","decl":{"start":{"line":6,"column":24},"end":{"line":6,"column":42}},"loc":{"start":{"line":6,"column":45},"end":{"line":33,"column":1}},"line":6},"1":{"name":"(anonymous_1)","decl":{"start":{"line":10,"column":18},"end":{"line":10,"column":19}},"loc":{"start":{"line":10,"column":24},"end":{"line":30,"column":3}},"line":10},"2":{"name":"loadResourcesAndDataAsync","decl":{"start":{"line":11,"column":19},"end":{"line":11,"column":44}},"loc":{"start":{"line":11,"column":47},"end":{"line":27,"column":5}},"line":11}},"branchMap":{},"s":{"0":0,"1":0,"2":0,"3":0,"4":0,"5":0,"6":0,"7":0,"8":0,"9":0},"f":{"0":0,"1":0,"2":0},"b":{},"_coverageSchema":"1a1c01bbd47fc00a2c39e90264f33305004495a9","hash":"0647265be8e4b16d8d0b20f5bc9ff390796129bd"}
,"C:\\Users\\asus\\Desktop\\mytheresa\\src\\hooks\\useColor.ts": {"path":"C:\\Users\\asus\\Desktop\\mytheresa\\src\\hooks\\useColor.ts","statementMap":{"0":{"start":{"line":5,"column":17},"end":{"line":9,"column":1}},"1":{"start":{"line":6,"column":22},"end":{"line":6,"column":38}},"2":{"start":{"line":7,"column":17},"end":{"line":7,"column":55}},"3":{"start":{"line":7,"column":31},"end":{"line":7,"column":50}},"4":{"start":{"line":8,"column":2},"end":{"line":8,"column":16}}},"fnMap":{"0":{"name":"(anonymous_0)","decl":{"start":{"line":5,"column":17},"end":{"line":5,"column":18}},"loc":{"start":{"line":5,"column":23},"end":{"line":9,"column":1}},"line":5},"1":{"name":"(anonymous_1)","decl":{"start":{"line":7,"column":25},"end":{"line":7,"column":26}},"loc":{"start":{"line":7,"column":31},"end":{"line":7,"column":50}},"line":7}},"branchMap":{},"s":{"0":7,"1":3,"2":3,"3":3,"4":3},"f":{"0":3,"1":3},"b":{},"_coverageSchema":"1a1c01bbd47fc00a2c39e90264f33305004495a9","hash":"7671077ae24ce331134276330ae85704bb6e6259"}
,"C:\\Users\\asus\\Desktop\\mytheresa\\src\\hooks\\useKeyboardHandler.ts": {"path":"C:\\Users\\asus\\Desktop\\mytheresa\\src\\hooks\\useKeyboardHandler.ts","statementMap":{"0":{"start":{"line":6,"column":23},"end":{"line":15,"column":1}},"1":{"start":{"line":7,"column":2},"end":{"line":14,"column":9}},"2":{"start":{"line":8,"column":4},"end":{"line":8,"column":62}},"3":{"start":{"line":9,"column":4},"end":{"line":9,"column":62}},"4":{"start":{"line":10,"column":4},"end":{"line":10,"column":72}},"5":{"start":{"line":11,"column":4},"end":{"line":13,"column":6}},"6":{"start":{"line":12,"column":6},"end":{"line":12,"column":77}}},"fnMap":{"0":{"name":"(anonymous_0)","decl":{"start":{"line":6,"column":23},"end":{"line":6,"column":24}},"loc":{"start":{"line":6,"column":62},"end":{"line":15,"column":1}},"line":6},"1":{"name":"(anonymous_1)","decl":{"start":{"line":7,"column":12},"end":{"line":7,"column":13}},"loc":{"start":{"line":7,"column":18},"end":{"line":14,"column":3}},"line":7},"2":{"name":"(anonymous_2)","decl":{"start":{"line":11,"column":11},"end":{"line":11,"column":12}},"loc":{"start":{"line":11,"column":17},"end":{"line":13,"column":5}},"line":11}},"branchMap":{},"s":{"0":7,"1":0,"2":0,"3":0,"4":0,"5":0,"6":0},"f":{"0":0,"1":0,"2":0},"b":{},"_coverageSchema":"1a1c01bbd47fc00a2c39e90264f33305004495a9","hash":"2992c7c64b3d714356dc9f5e8be0f2c63a7ad35f"}
,"C:\\Users\\asus\\Desktop\\mytheresa\\src\\screens\\NotFound.tsx": {"path":"C:\\Users\\asus\\Desktop\\mytheresa\\src\\screens\\NotFound.tsx","statementMap":{"0":{"start":{"line":10,"column":2},"end":{"line":20,"column":4}},"1":{"start":{"line":14,"column":23},"end":{"line":14,"column":49}},"2":{"start":{"line":23,"column":15},"end":{"line":43,"column":2}}},"fnMap":{"0":{"name":"NotFound","decl":{"start":{"line":7,"column":24},"end":{"line":7,"column":32}},"loc":{"start":{"line":9,"column":53},"end":{"line":21,"column":1}},"line":9},"1":{"name":"(anonymous_1)","decl":{"start":{"line":14,"column":17},"end":{"line":14,"column":18}},"loc":{"start":{"line":14,"column":23},"end":{"line":14,"column":49}},"line":14}},"branchMap":{},"s":{"0":0,"1":0,"2":7},"f":{"0":0,"1":0},"b":{},"_coverageSchema":"1a1c01bbd47fc00a2c39e90264f33305004495a9","hash":"a0fe59af7be896ce07549b910446f953155b27c5"}
,"C:\\Users\\asus\\Desktop\\mytheresa\\src\\screens\\index.js": {"path":"C:\\Users\\asus\\Desktop\\mytheresa\\src\\screens\\index.js","statementMap":{},"fnMap":{},"branchMap":{},"s":{},"f":{},"b":{},"_coverageSchema":"1a1c01bbd47fc00a2c39e90264f33305004495a9","hash":"38d20e3bf960469a9dd2b47495eb10ff3e9d1f6d"}
,"C:\\Users\\asus\\Desktop\\mytheresa\\src\\screens\\Category\\index.tsx": {"path":"C:\\Users\\asus\\Desktop\\mytheresa\\src\\screens\\Category\\index.tsx","statementMap":{"0":{"start":{"line":8,"column":17},"end":{"line":41,"column":1}},"1":{"start":{"line":9,"column":19},"end":{"line":9,"column":32}},"2":{"start":{"line":10,"column":26},"end":{"line":10,"column":45}},"3":{"start":{"line":11,"column":16},"end":{"line":11,"column":58}},"4":{"start":{"line":11,"column":46},"end":{"line":11,"column":57}},"5":{"start":{"line":12,"column":50},"end":{"line":12,"column":55}},"6":{"start":{"line":14,"column":13},"end":{"line":14,"column":54}},"7":{"start":{"line":14,"column":27},"end":{"line":14,"column":44}},"8":{"start":{"line":16,"column":15},"end":{"line":16,"column":58}},"9":{"start":{"line":16,"column":29},"end":{"line":16,"column":48}},"10":{"start":{"line":18,"column":2},"end":{"line":23,"column":9}},"11":{"start":{"line":19,"column":4},"end":{"line":19,"column":48}},"12":{"start":{"line":19,"column":12},"end":{"line":19,"column":48}},"13":{"start":{"line":20,"column":4},"end":{"line":22,"column":6}},"14":{"start":{"line":21,"column":6},"end":{"line":21,"column":37}},"15":{"start":{"line":25,"column":19},"end":{"line":30,"column":3}},"16":{"start":{"line":26,"column":4},"end":{"line":29,"column":5}},"17":{"start":{"line":27,"column":6},"end":{"line":27,"column":46}},"18":{"start":{"line":28,"column":6},"end":{"line":28,"column":24}},"19":{"start":{"line":32,"column":2},"end":{"line":40,"column":4}}},"fnMap":{"0":{"name":"(anonymous_0)","decl":{"start":{"line":8,"column":17},"end":{"line":8,"column":18}},"loc":{"start":{"line":8,"column":59},"end":{"line":41,"column":1}},"line":8},"1":{"name":"(anonymous_1)","decl":{"start":{"line":11,"column":28},"end":{"line":11,"column":29}},"loc":{"start":{"line":11,"column":46},"end":{"line":11,"column":57}},"line":11},"2":{"name":"(anonymous_2)","decl":{"start":{"line":14,"column":21},"end":{"line":14,"column":22}},"loc":{"start":{"line":14,"column":27},"end":{"line":14,"column":44}},"line":14},"3":{"name":"(anonymous_3)","decl":{"start":{"line":16,"column":23},"end":{"line":16,"column":24}},"loc":{"start":{"line":16,"column":29},"end":{"line":16,"column":48}},"line":16},"4":{"name":"(anonymous_4)","decl":{"start":{"line":18,"column":12},"end":{"line":18,"column":13}},"loc":{"start":{"line":18,"column":18},"end":{"line":23,"column":3}},"line":18},"5":{"name":"(anonymous_5)","decl":{"start":{"line":20,"column":11},"end":{"line":20,"column":12}},"loc":{"start":{"line":20,"column":17},"end":{"line":22,"column":5}},"line":20},"6":{"name":"(anonymous_6)","decl":{"start":{"line":25,"column":19},"end":{"line":25,"column":20}},"loc":{"start":{"line":25,"column":25},"end":{"line":30,"column":3}},"line":25}},"branchMap":{"0":{"loc":{"start":{"line":19,"column":4},"end":{"line":19,"column":48}},"type":"if","locations":[{"start":{"line":19,"column":4},"end":{"line":19,"column":48}},{"start":{"line":19,"column":4},"end":{"line":19,"column":48}}],"line":19},"1":{"loc":{"start":{"line":26,"column":4},"end":{"line":29,"column":5}},"type":"if","locations":[{"start":{"line":26,"column":4},"end":{"line":29,"column":5}},{"start":{"line":26,"column":4},"end":{"line":29,"column":5}}],"line":26}},"s":{"0":7,"1":1,"2":1,"3":1,"4":2,"5":1,"6":1,"7":1,"8":1,"9":1,"10":1,"11":0,"12":0,"13":0,"14":0,"15":1,"16":0,"17":0,"18":0,"19":1},"f":{"0":1,"1":2,"2":1,"3":1,"4":0,"5":0,"6":0},"b":{"0":[0,0],"1":[0,0]},"_coverageSchema":"1a1c01bbd47fc00a2c39e90264f33305004495a9","hash":"6511dc124aeffaa5e5ac323d706824ce9478d322"}
,"C:\\Users\\asus\\Desktop\\mytheresa\\src\\screens\\Category\\view.tsx": {"path":"C:\\Users\\asus\\Desktop\\mytheresa\\src\\screens\\Category\\view.tsx","statementMap":{"0":{"start":{"line":8,"column":21},"end":{"line":30,"column":1}},"1":{"start":{"line":15,"column":17},"end":{"line":15,"column":27}},"2":{"start":{"line":17,"column":2},"end":{"line":29,"column":4}}},"fnMap":{"0":{"name":"(anonymous_0)","decl":{"start":{"line":8,"column":21},"end":{"line":8,"column":22}},"loc":{"start":{"line":14,"column":25},"end":{"line":30,"column":1}},"line":14}},"branchMap":{},"s":{"0":7,"1":1,"2":1},"f":{"0":1},"b":{},"_coverageSchema":"1a1c01bbd47fc00a2c39e90264f33305004495a9","hash":"27782896855c1f24a98e2fe73fc454b06738bbba"}
,"C:\\Users\\asus\\Desktop\\mytheresa\\src\\screens\\Favorites\\index.tsx": {"path":"C:\\Users\\asus\\Desktop\\mytheresa\\src\\screens\\Favorites\\index.tsx","statementMap":{"0":{"start":{"line":8,"column":18},"end":{"line":35,"column":1}},"1":{"start":{"line":9,"column":19},"end":{"line":9,"column":32}},"2":{"start":{"line":10,"column":15},"end":{"line":10,"column":49}},"3":{"start":{"line":10,"column":38},"end":{"line":10,"column":48}},"4":{"start":{"line":11,"column":24},"end":{"line":11,"column":28}},"5":{"start":{"line":13,"column":21},"end":{"line":26,"column":3}},"6":{"start":{"line":14,"column":4},"end":{"line":25,"column":6}},"7":{"start":{"line":20,"column":25},"end":{"line":20,"column":29}},"8":{"start":{"line":23,"column":38},"end":{"line":23,"column":70}},"9":{"start":{"line":28,"column":2},"end":{"line":34,"column":4}}},"fnMap":{"0":{"name":"(anonymous_0)","decl":{"start":{"line":8,"column":18},"end":{"line":8,"column":19}},"loc":{"start":{"line":8,"column":54},"end":{"line":35,"column":1}},"line":8},"1":{"name":"(anonymous_1)","decl":{"start":{"line":10,"column":27},"end":{"line":10,"column":28}},"loc":{"start":{"line":10,"column":38},"end":{"line":10,"column":48}},"line":10},"2":{"name":"(anonymous_2)","decl":{"start":{"line":13,"column":21},"end":{"line":13,"column":22}},"loc":{"start":{"line":13,"column":29},"end":{"line":26,"column":3}},"line":13},"3":{"name":"(anonymous_3)","decl":{"start":{"line":20,"column":19},"end":{"line":20,"column":20}},"loc":{"start":{"line":20,"column":25},"end":{"line":20,"column":29}},"line":20},"4":{"name":"(anonymous_4)","decl":{"start":{"line":23,"column":32},"end":{"line":23,"column":33}},"loc":{"start":{"line":23,"column":38},"end":{"line":23,"column":70}},"line":23}},"branchMap":{},"s":{"0":7,"1":1,"2":1,"3":2,"4":1,"5":1,"6":0,"7":0,"8":0,"9":1},"f":{"0":1,"1":2,"2":0,"3":0,"4":0},"b":{},"_coverageSchema":"1a1c01bbd47fc00a2c39e90264f33305004495a9","hash":"3ef3c9e775d730e52610769f83e15eee176c6a63"}
,"C:\\Users\\asus\\Desktop\\mytheresa\\src\\screens\\Favorites\\styles.js": {"path":"C:\\Users\\asus\\Desktop\\mytheresa\\src\\screens\\Favorites\\styles.js","statementMap":{},"fnMap":{},"branchMap":{},"s":{},"f":{},"b":{},"_coverageSchema":"1a1c01bbd47fc00a2c39e90264f33305004495a9","hash":"3008a5b2db6dceeaff71813d4aa4c3a5ffbfe019"}
,"C:\\Users\\asus\\Desktop\\mytheresa\\src\\screens\\Favorites\\view.tsx": {"path":"C:\\Users\\asus\\Desktop\\mytheresa\\src\\screens\\Favorites\\view.tsx","statementMap":{"0":{"start":{"line":12,"column":22},"end":{"line":45,"column":1}},"1":{"start":{"line":17,"column":22},"end":{"line":17,"column":38}},"2":{"start":{"line":18,"column":17},"end":{"line":18,"column":55}},"3":{"start":{"line":18,"column":31},"end":{"line":18,"column":50}},"4":{"start":{"line":19,"column":2},"end":{"line":44,"column":4}},"5":{"start":{"line":23,"column":25},"end":{"line":23,"column":44}}},"fnMap":{"0":{"name":"(anonymous_0)","decl":{"start":{"line":12,"column":22},"end":{"line":12,"column":23}},"loc":{"start":{"line":16,"column":26},"end":{"line":45,"column":1}},"line":16},"1":{"name":"(anonymous_1)","decl":{"start":{"line":18,"column":25},"end":{"line":18,"column":26}},"loc":{"start":{"line":18,"column":31},"end":{"line":18,"column":50}},"line":18},"2":{"name":"(anonymous_2)","decl":{"start":{"line":23,"column":19},"end":{"line":23,"column":20}},"loc":{"start":{"line":23,"column":25},"end":{"line":23,"column":44}},"line":23}},"branchMap":{"0":{"loc":{"start":{"line":25,"column":7},"end":{"line":42,"column":7}},"type":"cond-expr","locations":[{"start":{"line":26,"column":8},"end":{"line":31,"column":15}},{"start":{"line":33,"column":8},"end":{"line":41,"column":18}}],"line":25}},"s":{"0":7,"1":1,"2":1,"3":1,"4":1,"5":0},"f":{"0":1,"1":1,"2":0},"b":{"0":[1,0]},"_coverageSchema":"1a1c01bbd47fc00a2c39e90264f33305004495a9","hash":"68478d72809943bbab5c7de14020e71402e2c8b0"}
,"C:\\Users\\asus\\Desktop\\mytheresa\\src\\screens\\Home\\index.tsx": {"path":"C:\\Users\\asus\\Desktop\\mytheresa\\src\\screens\\Home\\index.tsx","statementMap":{"0":{"start":{"line":11,"column":13},"end":{"line":68,"column":1}},"1":{"start":{"line":12,"column":38},"end":{"line":12,"column":62}},"2":{"start":{"line":13,"column":26},"end":{"line":13,"column":45}},"3":{"start":{"line":14,"column":38},"end":{"line":14,"column":62}},"4":{"start":{"line":15,"column":16},"end":{"line":15,"column":58}},"5":{"start":{"line":15,"column":46},"end":{"line":15,"column":57}},"6":{"start":{"line":16,"column":15},"end":{"line":16,"column":56}},"7":{"start":{"line":16,"column":45},"end":{"line":16,"column":55}},"8":{"start":{"line":17,"column":19},"end":{"line":17,"column":32}},"9":{"start":{"line":24,"column":6},"end":{"line":24,"column":11}},"10":{"start":{"line":25,"column":19},"end":{"line":25,"column":23}},"11":{"start":{"line":27,"column":2},"end":{"line":30,"column":9}},"12":{"start":{"line":28,"column":4},"end":{"line":28,"column":26}},"13":{"start":{"line":29,"column":4},"end":{"line":29,"column":37}},"14":{"start":{"line":32,"column":28},"end":{"line":35,"column":3}},"15":{"start":{"line":33,"column":4},"end":{"line":33,"column":41}},"16":{"start":{"line":34,"column":4},"end":{"line":34,"column":22}},"17":{"start":{"line":37,"column":22},"end":{"line":44,"column":3}},"18":{"start":{"line":38,"column":4},"end":{"line":38,"column":22}},"19":{"start":{"line":39,"column":4},"end":{"line":39,"column":27}},"20":{"start":{"line":40,"column":4},"end":{"line":40,"column":26}},"21":{"start":{"line":41,"column":4},"end":{"line":41,"column":34}},"22":{"start":{"line":42,"column":4},"end":{"line":42,"column":15}},"23":{"start":{"line":43,"column":4},"end":{"line":43,"column":23}},"24":{"start":{"line":46,"column":2},"end":{"line":49,"column":5}},"25":{"start":{"line":47,"column":4},"end":{"line":47,"column":23}},"26":{"start":{"line":48,"column":4},"end":{"line":48,"column":16}},"27":{"start":{"line":51,"column":2},"end":{"line":67,"column":4}},"28":{"start":{"line":65,"column":25},"end":{"line":65,"column":43}}},"fnMap":{"0":{"name":"(anonymous_0)","decl":{"start":{"line":11,"column":13},"end":{"line":11,"column":14}},"loc":{"start":{"line":11,"column":44},"end":{"line":68,"column":1}},"line":11},"1":{"name":"(anonymous_1)","decl":{"start":{"line":15,"column":28},"end":{"line":15,"column":29}},"loc":{"start":{"line":15,"column":46},"end":{"line":15,"column":57}},"line":15},"2":{"name":"(anonymous_2)","decl":{"start":{"line":16,"column":27},"end":{"line":16,"column":28}},"loc":{"start":{"line":16,"column":45},"end":{"line":16,"column":55}},"line":16},"3":{"name":"(anonymous_3)","decl":{"start":{"line":27,"column":12},"end":{"line":27,"column":13}},"loc":{"start":{"line":27,"column":18},"end":{"line":30,"column":3}},"line":27},"4":{"name":"(anonymous_4)","decl":{"start":{"line":32,"column":28},"end":{"line":32,"column":29}},"loc":{"start":{"line":32,"column":34},"end":{"line":35,"column":3}},"line":32},"5":{"name":"(anonymous_5)","decl":{"start":{"line":37,"column":22},"end":{"line":37,"column":23}},"loc":{"start":{"line":37,"column":28},"end":{"line":44,"column":3}},"line":37},"6":{"name":"(anonymous_6)","decl":{"start":{"line":46,"column":17},"end":{"line":46,"column":18}},"loc":{"start":{"line":46,"column":23},"end":{"line":49,"column":3}},"line":46},"7":{"name":"(anonymous_7)","decl":{"start":{"line":65,"column":19},"end":{"line":65,"column":20}},"loc":{"start":{"line":65,"column":25},"end":{"line":65,"column":43}},"line":65}},"branchMap":{},"s":{"0":7,"1":2,"2":2,"3":2,"4":2,"5":4,"6":2,"7":4,"8":2,"9":2,"10":2,"11":2,"12":2,"13":2,"14":2,"15":0,"16":0,"17":2,"18":0,"19":0,"20":0,"21":0,"22":0,"23":0,"24":2,"25":0,"26":0,"27":2,"28":1},"f":{"0":2,"1":4,"2":4,"3":2,"4":0,"5":0,"6":0,"7":1},"b":{},"_coverageSchema":"1a1c01bbd47fc00a2c39e90264f33305004495a9","hash":"4572683f285297cfe61f1ea74898fa0e7154b14e"}
,"C:\\Users\\asus\\Desktop\\mytheresa\\src\\screens\\Home\\styles.js": {"path":"C:\\Users\\asus\\Desktop\\mytheresa\\src\\screens\\Home\\styles.js","statementMap":{},"fnMap":{},"branchMap":{},"s":{},"f":{},"b":{},"_coverageSchema":"1a1c01bbd47fc00a2c39e90264f33305004495a9","hash":"8f782723e88b03c1f3f4ee9b1fcd9bf87a63b118"}
,"C:\\Users\\asus\\Desktop\\mytheresa\\src\\screens\\Home\\view.tsx": {"path":"C:\\Users\\asus\\Desktop\\mytheresa\\src\\screens\\Home\\view.tsx","statementMap":{"0":{"start":{"line":21,"column":20},"end":{"line":21,"column":45}},"1":{"start":{"line":22,"column":21},"end":{"line":22,"column":38}},"2":{"start":{"line":24,"column":17},"end":{"line":127,"column":1}},"3":{"start":{"line":37,"column":17},"end":{"line":37,"column":27}},"4":{"start":{"line":39,"column":2},"end":{"line":126,"column":4}},"5":{"start":{"line":44,"column":26},"end":{"line":44,"column":53}},"6":{"start":{"line":57,"column":25},"end":{"line":57,"column":44}},"7":{"start":{"line":60,"column":27},"end":{"line":60,"column":59}},"8":{"start":{"line":95,"column":28},"end":{"line":95,"column":47}},"9":{"start":{"line":98,"column":14},"end":{"line":120,"column":16}},"10":{"start":{"line":115,"column":18},"end":{"line":118,"column":20}}},"fnMap":{"0":{"name":"(anonymous_0)","decl":{"start":{"line":24,"column":17},"end":{"line":24,"column":18}},"loc":{"start":{"line":36,"column":21},"end":{"line":127,"column":1}},"line":36},"1":{"name":"(anonymous_1)","decl":{"start":{"line":44,"column":19},"end":{"line":44,"column":20}},"loc":{"start":{"line":44,"column":26},"end":{"line":44,"column":53}},"line":44},"2":{"name":"(anonymous_2)","decl":{"start":{"line":57,"column":19},"end":{"line":57,"column":20}},"loc":{"start":{"line":57,"column":25},"end":{"line":57,"column":44}},"line":57},"3":{"name":"(anonymous_3)","decl":{"start":{"line":60,"column":21},"end":{"line":60,"column":22}},"loc":{"start":{"line":60,"column":27},"end":{"line":60,"column":59}},"line":60},"4":{"name":"(anonymous_4)","decl":{"start":{"line":95,"column":22},"end":{"line":95,"column":23}},"loc":{"start":{"line":95,"column":28},"end":{"line":95,"column":47}},"line":95},"5":{"name":"(anonymous_5)","decl":{"start":{"line":97,"column":24},"end":{"line":97,"column":25}},"loc":{"start":{"line":98,"column":14},"end":{"line":120,"column":16}},"line":98},"6":{"name":"(anonymous_6)","decl":{"start":{"line":114,"column":25},"end":{"line":114,"column":26}},"loc":{"start":{"line":115,"column":18},"end":{"line":118,"column":20}},"line":115}},"branchMap":{"0":{"loc":{"start":{"line":44,"column":26},"end":{"line":44,"column":53}},"type":"cond-expr","locations":[{"start":{"line":44,"column":33},"end":{"line":44,"column":46}},{"start":{"line":44,"column":49},"end":{"line":44,"column":53}}],"line":44},"1":{"loc":{"start":{"line":51,"column":19},"end":{"line":51,"column":50}},"type":"cond-expr","locations":[{"start":{"line":51,"column":26},"end":{"line":51,"column":30}},{"start":{"line":51,"column":33},"end":{"line":51,"column":50}}],"line":51},"2":{"loc":{"start":{"line":96,"column":30},"end":{"line":96,"column":48}},"type":"cond-expr","locations":[{"start":{"line":96,"column":43},"end":{"line":96,"column":44}},{"start":{"line":96,"column":47},"end":{"line":96,"column":48}}],"line":96}},"s":{"0":7,"1":7,"2":7,"3":2,"4":2,"5":1,"6":0,"7":0,"8":0,"9":0,"10":0},"f":{"0":2,"1":1,"2":0,"3":0,"4":0,"5":0,"6":0},"b":{"0":[1,0],"1":[2,0],"2":[0,2]},"_coverageSchema":"1a1c01bbd47fc00a2c39e90264f33305004495a9","hash":"1b788554dff3f9a42f3985f78cfabef76674a3c9"}
,"C:\\Users\\asus\\Desktop\\mytheresa\\src\\screens\\MovieDetails\\index.tsx": {"path":"C:\\Users\\asus\\Desktop\\mytheresa\\src\\screens\\MovieDetails\\index.tsx","statementMap":{"0":{"start":{"line":9,"column":21},"end":{"line":51,"column":1}},"1":{"start":{"line":10,"column":19},"end":{"line":10,"column":32}},"2":{"start":{"line":11,"column":16},"end":{"line":11,"column":58}},"3":{"start":{"line":11,"column":46},"end":{"line":11,"column":57}},"4":{"start":{"line":12,"column":15},"end":{"line":12,"column":56}},"5":{"start":{"line":12,"column":45},"end":{"line":12,"column":55}},"6":{"start":{"line":13,"column":34},"end":{"line":13,"column":39}},"7":{"start":{"line":19,"column":13},"end":{"line":19,"column":18}},"8":{"start":{"line":20,"column":24},"end":{"line":20,"column":28}},"9":{"start":{"line":21,"column":21},"end":{"line":21,"column":75}},"10":{"start":{"line":21,"column":55},"end":{"line":21,"column":74}},"11":{"start":{"line":23,"column":2},"end":{"line":29,"column":9}},"12":{"start":{"line":24,"column":15},"end":{"line":24,"column":32}},"13":{"start":{"line":25,"column":4},"end":{"line":25,"column":42}},"14":{"start":{"line":25,"column":12},"end":{"line":25,"column":42}},"15":{"start":{"line":26,"column":4},"end":{"line":28,"column":6}},"16":{"start":{"line":27,"column":6},"end":{"line":27,"column":29}},"17":{"start":{"line":31,"column":27},"end":{"line":40,"column":3}},"18":{"start":{"line":32,"column":4},"end":{"line":39,"column":6}},"19":{"start":{"line":42,"column":2},"end":{"line":50,"column":4}}},"fnMap":{"0":{"name":"(anonymous_0)","decl":{"start":{"line":9,"column":21},"end":{"line":9,"column":22}},"loc":{"start":{"line":9,"column":67},"end":{"line":51,"column":1}},"line":9},"1":{"name":"(anonymous_1)","decl":{"start":{"line":11,"column":28},"end":{"line":11,"column":29}},"loc":{"start":{"line":11,"column":46},"end":{"line":11,"column":57}},"line":11},"2":{"name":"(anonymous_2)","decl":{"start":{"line":12,"column":27},"end":{"line":12,"column":28}},"loc":{"start":{"line":12,"column":45},"end":{"line":12,"column":55}},"line":12},"3":{"name":"(anonymous_3)","decl":{"start":{"line":21,"column":36},"end":{"line":21,"column":37}},"loc":{"start":{"line":21,"column":55},"end":{"line":21,"column":74}},"line":21},"4":{"name":"(anonymous_4)","decl":{"start":{"line":23,"column":12},"end":{"line":23,"column":13}},"loc":{"start":{"line":23,"column":18},"end":{"line":29,"column":3}},"line":23},"5":{"name":"(anonymous_5)","decl":{"start":{"line":26,"column":11},"end":{"line":26,"column":12}},"loc":{"start":{"line":26,"column":17},"end":{"line":28,"column":5}},"line":26},"6":{"name":"(anonymous_6)","decl":{"start":{"line":31,"column":27},"end":{"line":31,"column":28}},"loc":{"start":{"line":31,"column":33},"end":{"line":40,"column":3}},"line":31}},"branchMap":{"0":{"loc":{"start":{"line":25,"column":4},"end":{"line":25,"column":42}},"type":"if","locations":[{"start":{"line":25,"column":4},"end":{"line":25,"column":42}},{"start":{"line":25,"column":4},"end":{"line":25,"column":42}}],"line":25}},"s":{"0":7,"1":1,"2":1,"3":2,"4":1,"5":2,"6":1,"7":1,"8":1,"9":1,"10":0,"11":1,"12":0,"13":0,"14":0,"15":0,"16":0,"17":1,"18":0,"19":1},"f":{"0":1,"1":2,"2":2,"3":0,"4":0,"5":0,"6":0},"b":{"0":[0,0]},"_coverageSchema":"1a1c01bbd47fc00a2c39e90264f33305004495a9","hash":"6f62c3a6c4e204c73a484644bf6337973a6ee3a1"}
,"C:\\Users\\asus\\Desktop\\mytheresa\\src\\screens\\MovieDetails\\styles.js": {"path":"C:\\Users\\asus\\Desktop\\mytheresa\\src\\screens\\MovieDetails\\styles.js","statementMap":{},"fnMap":{},"branchMap":{},"s":{},"f":{},"b":{},"_coverageSchema":"1a1c01bbd47fc00a2c39e90264f33305004495a9","hash":"ed64f0569cdf4dfc3f43eee969732be405f6a5ce"}
,"C:\\Users\\asus\\Desktop\\mytheresa\\src\\screens\\MovieDetails\\view.tsx": {"path":"C:\\Users\\asus\\Desktop\\mytheresa\\src\\screens\\MovieDetails\\view.tsx","statementMap":{"0":{"start":{"line":14,"column":25},"end":{"line":100,"column":1}},"1":{"start":{"line":20,"column":22},"end":{"line":20,"column":38}},"2":{"start":{"line":21,"column":17},"end":{"line":21,"column":55}},"3":{"start":{"line":21,"column":31},"end":{"line":21,"column":50}},"4":{"start":{"line":28,"column":6},"end":{"line":28,"column":11}},"5":{"start":{"line":30,"column":2},"end":{"line":99,"column":4}},"6":{"start":{"line":63,"column":16},"end":{"line":86,"column":18}},"7":{"start":{"line":81,"column":20},"end":{"line":84,"column":22}}},"fnMap":{"0":{"name":"(anonymous_0)","decl":{"start":{"line":14,"column":25},"end":{"line":14,"column":26}},"loc":{"start":{"line":19,"column":25},"end":{"line":100,"column":1}},"line":19},"1":{"name":"(anonymous_1)","decl":{"start":{"line":21,"column":25},"end":{"line":21,"column":26}},"loc":{"start":{"line":21,"column":31},"end":{"line":21,"column":50}},"line":21},"2":{"name":"(anonymous_2)","decl":{"start":{"line":62,"column":26},"end":{"line":62,"column":27}},"loc":{"start":{"line":63,"column":16},"end":{"line":86,"column":18}},"line":63},"3":{"name":"(anonymous_3)","decl":{"start":{"line":80,"column":27},"end":{"line":80,"column":28}},"loc":{"start":{"line":81,"column":20},"end":{"line":84,"column":22}},"line":81}},"branchMap":{"0":{"loc":{"start":{"line":35,"column":17},"end":{"line":35,"column":61}},"type":"cond-expr","locations":[{"start":{"line":35,"column":30},"end":{"line":35,"column":41}},{"start":{"line":35,"column":44},"end":{"line":35,"column":61}}],"line":35},"1":{"loc":{"start":{"line":50,"column":13},"end":{"line":50,"column":44}},"type":"cond-expr","locations":[{"start":{"line":50,"column":27},"end":{"line":50,"column":38}},{"start":{"line":50,"column":41},"end":{"line":50,"column":44}}],"line":50},"2":{"loc":{"start":{"line":55,"column":20},"end":{"line":55,"column":53}},"type":"cond-expr","locations":[{"start":{"line":55,"column":34},"end":{"line":55,"column":49}},{"start":{"line":55,"column":52},"end":{"line":55,"column":53}}],"line":55},"3":{"loc":{"start":{"line":59,"column":9},"end":{"line":93,"column":9}},"type":"binary-expr","locations":[{"start":{"line":59,"column":9},"end":{"line":59,"column":15}},{"start":{"line":60,"column":10},"end":{"line":92,"column":20}}],"line":59},"4":{"loc":{"start":{"line":88,"column":15},"end":{"line":90,"column":15}},"type":"binary-expr","locations":[{"start":{"line":88,"column":15},"end":{"line":88,"column":30}},{"start":{"line":89,"column":16},"end":{"line":89,"column":63}}],"line":88}},"s":{"0":7,"1":1,"2":1,"3":1,"4":1,"5":1,"6":0,"7":0},"f":{"0":1,"1":1,"2":0,"3":0},"b":{"0":[0,1],"1":[1,0],"2":[1,0],"3":[1,0],"4":[0,0]},"_coverageSchema":"1a1c01bbd47fc00a2c39e90264f33305004495a9","hash":"dd4db31cbb562cf7b0a098edb9f89880a803a5c7"}
,"C:\\Users\\asus\\Desktop\\mytheresa\\src\\screens\\Profile\\index.tsx": {"path":"C:\\Users\\asus\\Desktop\\mytheresa\\src\\screens\\Profile\\index.tsx","statementMap":{"0":{"start":{"line":9,"column":16},"end":{"line":27,"column":1}},"1":{"start":{"line":10,"column":19},"end":{"line":10,"column":32}},"2":{"start":{"line":11,"column":15},"end":{"line":11,"column":56}},"3":{"start":{"line":11,"column":45},"end":{"line":11,"column":55}},"4":{"start":{"line":12,"column":27},"end":{"line":12,"column":31}},"5":{"start":{"line":14,"column":19},"end":{"line":17,"column":3}},"6":{"start":{"line":15,"column":4},"end":{"line":15,"column":23}},"7":{"start":{"line":16,"column":4},"end":{"line":16,"column":35}},"8":{"start":{"line":19,"column":2},"end":{"line":26,"column":4}}},"fnMap":{"0":{"name":"(anonymous_0)","decl":{"start":{"line":9,"column":16},"end":{"line":9,"column":17}},"loc":{"start":{"line":9,"column":50},"end":{"line":27,"column":1}},"line":9},"1":{"name":"(anonymous_1)","decl":{"start":{"line":11,"column":27},"end":{"line":11,"column":28}},"loc":{"start":{"line":11,"column":45},"end":{"line":11,"column":55}},"line":11},"2":{"name":"(anonymous_2)","decl":{"start":{"line":14,"column":19},"end":{"line":14,"column":20}},"loc":{"start":{"line":14,"column":25},"end":{"line":17,"column":3}},"line":14}},"branchMap":{},"s":{"0":7,"1":1,"2":1,"3":2,"4":1,"5":1,"6":0,"7":0,"8":1},"f":{"0":1,"1":2,"2":0},"b":{},"_coverageSchema":"1a1c01bbd47fc00a2c39e90264f33305004495a9","hash":"a5e17facd8f9c817f5b93c1bf77fa6cd04b6576c"}
,"C:\\Users\\asus\\Desktop\\mytheresa\\src\\screens\\Profile\\styles.js": {"path":"C:\\Users\\asus\\Desktop\\mytheresa\\src\\screens\\Profile\\styles.js","statementMap":{},"fnMap":{},"branchMap":{},"s":{},"f":{},"b":{},"_coverageSchema":"1a1c01bbd47fc00a2c39e90264f33305004495a9","hash":"cf6f4e56fd609302e7ab9380c35a39256ae136ca"}
,"C:\\Users\\asus\\Desktop\\mytheresa\\src\\screens\\Profile\\view.tsx": {"path":"C:\\Users\\asus\\Desktop\\mytheresa\\src\\screens\\Profile\\view.tsx","statementMap":{"0":{"start":{"line":16,"column":20},"end":{"line":72,"column":1}},"1":{"start":{"line":22,"column":22},"end":{"line":22,"column":38}},"2":{"start":{"line":23,"column":17},"end":{"line":23,"column":55}},"3":{"start":{"line":23,"column":31},"end":{"line":23,"column":50}},"4":{"start":{"line":24,"column":2},"end":{"line":71,"column":4}},"5":{"start":{"line":55,"column":29},"end":{"line":55,"column":61}}},"fnMap":{"0":{"name":"(anonymous_0)","decl":{"start":{"line":16,"column":20},"end":{"line":16,"column":21}},"loc":{"start":{"line":21,"column":24},"end":{"line":72,"column":1}},"line":21},"1":{"name":"(anonymous_1)","decl":{"start":{"line":23,"column":25},"end":{"line":23,"column":26}},"loc":{"start":{"line":23,"column":31},"end":{"line":23,"column":50}},"line":23},"2":{"name":"(anonymous_2)","decl":{"start":{"line":55,"column":23},"end":{"line":55,"column":24}},"loc":{"start":{"line":55,"column":29},"end":{"line":55,"column":61}},"line":55}},"branchMap":{"0":{"loc":{"start":{"line":32,"column":12},"end":{"line":36,"column":27}},"type":"cond-expr","locations":[{"start":{"line":33,"column":16},"end":{"line":35,"column":17}},{"start":{"line":36,"column":16},"end":{"line":36,"column":27}}],"line":32}},"s":{"0":7,"1":1,"2":1,"3":1,"4":1,"5":0},"f":{"0":1,"1":1,"2":0},"b":{"0":[0,1]},"_coverageSchema":"1a1c01bbd47fc00a2c39e90264f33305004495a9","hash":"5399a7ad3d08e15ed3064849bd8b2d3679dcaf5d"}
,"C:\\Users\\asus\\Desktop\\mytheresa\\src\\screens\\Search\\index.tsx": {"path":"C:\\Users\\asus\\Desktop\\mytheresa\\src\\screens\\Search\\index.tsx","statementMap":{"0":{"start":{"line":8,"column":15},"end":{"line":34,"column":1}},"1":{"start":{"line":9,"column":19},"end":{"line":9,"column":32}},"2":{"start":{"line":10,"column":28},"end":{"line":10,"column":46}},"3":{"start":{"line":11,"column":26},"end":{"line":11,"column":45}},"4":{"start":{"line":12,"column":34},"end":{"line":12,"column":58}},"5":{"start":{"line":13,"column":16},"end":{"line":13,"column":51}},"6":{"start":{"line":13,"column":39},"end":{"line":13,"column":50}},"7":{"start":{"line":14,"column":42},"end":{"line":14,"column":47}},"8":{"start":{"line":16,"column":17},"end":{"line":21,"column":3}},"9":{"start":{"line":17,"column":4},"end":{"line":17,"column":53}},"10":{"start":{"line":17,"column":21},"end":{"line":17,"column":53}},"11":{"start":{"line":18,"column":4},"end":{"line":18,"column":67}},"12":{"start":{"line":18,"column":15},"end":{"line":18,"column":67}},"13":{"start":{"line":19,"column":4},"end":{"line":19,"column":22}},"14":{"start":{"line":20,"column":4},"end":{"line":20,"column":39}},"15":{"start":{"line":23,"column":2},"end":{"line":33,"column":4}}},"fnMap":{"0":{"name":"(anonymous_0)","decl":{"start":{"line":8,"column":15},"end":{"line":8,"column":16}},"loc":{"start":{"line":8,"column":35},"end":{"line":34,"column":1}},"line":8},"1":{"name":"(anonymous_1)","decl":{"start":{"line":13,"column":28},"end":{"line":13,"column":29}},"loc":{"start":{"line":13,"column":39},"end":{"line":13,"column":50}},"line":13},"2":{"name":"(anonymous_2)","decl":{"start":{"line":16,"column":17},"end":{"line":16,"column":18}},"loc":{"start":{"line":16,"column":50},"end":{"line":21,"column":3}},"line":16}},"branchMap":{"0":{"loc":{"start":{"line":16,"column":18},"end":{"line":16,"column":45}},"type":"default-arg","locations":[{"start":{"line":16,"column":40},"end":{"line":16,"column":45}}],"line":16},"1":{"loc":{"start":{"line":17,"column":4},"end":{"line":17,"column":53}},"type":"if","locations":[{"start":{"line":17,"column":4},"end":{"line":17,"column":53}},{"start":{"line":17,"column":4},"end":{"line":17,"column":53}}],"line":17},"2":{"loc":{"start":{"line":18,"column":4},"end":{"line":18,"column":67}},"type":"if","locations":[{"start":{"line":18,"column":4},"end":{"line":18,"column":67}},{"start":{"line":18,"column":4},"end":{"line":18,"column":67}}],"line":18},"3":{"loc":{"start":{"line":18,"column":43},"end":{"line":18,"column":64}},"type":"cond-expr","locations":[{"start":{"line":18,"column":56},"end":{"line":18,"column":60}},{"start":{"line":18,"column":63},"end":{"line":18,"column":64}}],"line":18},"4":{"loc":{"start":{"line":20,"column":12},"end":{"line":20,"column":37}},"type":"cond-expr","locations":[{"start":{"line":20,"column":25},"end":{"line":20,"column":33}},{"start":{"line":20,"column":36},"end":{"line":20,"column":37}}],"line":20}},"s":{"0":7,"1":1,"2":1,"3":1,"4":1,"5":1,"6":2,"7":1,"8":1,"9":0,"10":0,"11":0,"12":0,"13":0,"14":0,"15":1},"f":{"0":1,"1":2,"2":0},"b":{"0":[0],"1":[0,0],"2":[0,0],"3":[0,0],"4":[0,0]},"_coverageSchema":"1a1c01bbd47fc00a2c39e90264f33305004495a9","hash":"d4ecf57f50089b16f6af5740594ce1ebec42731b"}
,"C:\\Users\\asus\\Desktop\\mytheresa\\src\\screens\\Search\\styles.js": {"path":"C:\\Users\\asus\\Desktop\\mytheresa\\src\\screens\\Search\\styles.js","statementMap":{},"fnMap":{},"branchMap":{},"s":{},"f":{},"b":{},"_coverageSchema":"1a1c01bbd47fc00a2c39e90264f33305004495a9","hash":"824ad349edc921042ebe5f8f2e000bcc409d7ecf"}
,"C:\\Users\\asus\\Desktop\\mytheresa\\src\\screens\\Search\\view.tsx": {"path":"C:\\Users\\asus\\Desktop\\mytheresa\\src\\screens\\Search\\view.tsx","statementMap":{"0":{"start":{"line":14,"column":19},"end":{"line":55,"column":1}},"1":{"start":{"line":23,"column":22},"end":{"line":23,"column":38}},"2":{"start":{"line":24,"column":17},"end":{"line":24,"column":55}},"3":{"start":{"line":24,"column":31},"end":{"line":24,"column":50}},"4":{"start":{"line":26,"column":2},"end":{"line":54,"column":4}},"5":{"start":{"line":31,"column":31},"end":{"line":31,"column":44}},"6":{"start":{"line":44,"column":28},"end":{"line":44,"column":40}}},"fnMap":{"0":{"name":"(anonymous_0)","decl":{"start":{"line":14,"column":19},"end":{"line":14,"column":20}},"loc":{"start":{"line":22,"column":6},"end":{"line":55,"column":1}},"line":22},"1":{"name":"(anonymous_1)","decl":{"start":{"line":24,"column":25},"end":{"line":24,"column":26}},"loc":{"start":{"line":24,"column":31},"end":{"line":24,"column":50}},"line":24},"2":{"name":"(anonymous_2)","decl":{"start":{"line":31,"column":25},"end":{"line":31,"column":26}},"loc":{"start":{"line":31,"column":31},"end":{"line":31,"column":44}},"line":31},"3":{"name":"(anonymous_3)","decl":{"start":{"line":44,"column":22},"end":{"line":44,"column":23}},"loc":{"start":{"line":44,"column":28},"end":{"line":44,"column":40}},"line":44}},"branchMap":{"0":{"loc":{"start":{"line":37,"column":7},"end":{"line":52,"column":7}},"type":"cond-expr","locations":[{"start":{"line":38,"column":8},"end":{"line":47,"column":18}},{"start":{"line":49,"column":8},"end":{"line":51,"column":15}}],"line":37}},"s":{"0":7,"1":1,"2":1,"3":1,"4":1,"5":0,"6":0},"f":{"0":1,"1":1,"2":0,"3":0},"b":{"0":[0,1]},"_coverageSchema":"1a1c01bbd47fc00a2c39e90264f33305004495a9","hash":"ec33d7141b4077f810df91e2e5cc8c659bcf5fa8"}
,"C:\\Users\\asus\\Desktop\\mytheresa\\src\\screens\\Welcome\\index.tsx": {"path":"C:\\Users\\asus\\Desktop\\mytheresa\\src\\screens\\Welcome\\index.tsx","statementMap":{"0":{"start":{"line":10,"column":16},"end":{"line":50,"column":1}},"1":{"start":{"line":11,"column":48},"end":{"line":11,"column":72}},"2":{"start":{"line":12,"column":26},"end":{"line":12,"column":44}},"3":{"start":{"line":13,"column":19},"end":{"line":13,"column":32}},"4":{"start":{"line":14,"column":15},"end":{"line":14,"column":56}},"5":{"start":{"line":14,"column":45},"end":{"line":14,"column":55}},"6":{"start":{"line":15,"column":21},"end":{"line":15,"column":25}},"7":{"start":{"line":17,"column":2},"end":{"line":20,"column":9}},"8":{"start":{"line":18,"column":4},"end":{"line":18,"column":62}},"9":{"start":{"line":19,"column":4},"end":{"line":19,"column":62}},"10":{"start":{"line":22,"column":27},"end":{"line":22,"column":57}},"11":{"start":{"line":22,"column":33},"end":{"line":22,"column":57}},"12":{"start":{"line":24,"column":27},"end":{"line":24,"column":58}},"13":{"start":{"line":24,"column":33},"end":{"line":24,"column":58}},"14":{"start":{"line":26,"column":24},"end":{"line":31,"column":3}},"15":{"start":{"line":28,"column":26},"end":{"line":28,"column":49}},"16":{"start":{"line":29,"column":4},"end":{"line":29,"column":50}},"17":{"start":{"line":29,"column":23},"end":{"line":29,"column":50}},"18":{"start":{"line":30,"column":4},"end":{"line":30,"column":61}},"19":{"start":{"line":30,"column":16},"end":{"line":30,"column":61}},"20":{"start":{"line":33,"column":19},"end":{"line":36,"column":3}},"21":{"start":{"line":34,"column":4},"end":{"line":34,"column":39}},"22":{"start":{"line":35,"column":4},"end":{"line":35,"column":32}},"23":{"start":{"line":38,"column":2},"end":{"line":49,"column":4}}},"fnMap":{"0":{"name":"(anonymous_0)","decl":{"start":{"line":10,"column":16},"end":{"line":10,"column":17}},"loc":{"start":{"line":10,"column":50},"end":{"line":50,"column":1}},"line":10},"1":{"name":"(anonymous_1)","decl":{"start":{"line":14,"column":27},"end":{"line":14,"column":28}},"loc":{"start":{"line":14,"column":45},"end":{"line":14,"column":55}},"line":14},"2":{"name":"(anonymous_2)","decl":{"start":{"line":17,"column":12},"end":{"line":17,"column":13}},"loc":{"start":{"line":17,"column":18},"end":{"line":20,"column":3}},"line":17},"3":{"name":"(anonymous_3)","decl":{"start":{"line":22,"column":27},"end":{"line":22,"column":28}},"loc":{"start":{"line":22,"column":33},"end":{"line":22,"column":57}},"line":22},"4":{"name":"(anonymous_4)","decl":{"start":{"line":24,"column":27},"end":{"line":24,"column":28}},"loc":{"start":{"line":24,"column":33},"end":{"line":24,"column":58}},"line":24},"5":{"name":"(anonymous_5)","decl":{"start":{"line":26,"column":24},"end":{"line":26,"column":25}},"loc":{"start":{"line":26,"column":36},"end":{"line":31,"column":3}},"line":26},"6":{"name":"(anonymous_6)","decl":{"start":{"line":33,"column":19},"end":{"line":33,"column":20}},"loc":{"start":{"line":33,"column":25},"end":{"line":36,"column":3}},"line":33}},"branchMap":{"0":{"loc":{"start":{"line":29,"column":4},"end":{"line":29,"column":50}},"type":"if","locations":[{"start":{"line":29,"column":4},"end":{"line":29,"column":50}},{"start":{"line":29,"column":4},"end":{"line":29,"column":50}}],"line":29},"1":{"loc":{"start":{"line":30,"column":4},"end":{"line":30,"column":61}},"type":"if","locations":[{"start":{"line":30,"column":4},"end":{"line":30,"column":61}},{"start":{"line":30,"column":4},"end":{"line":30,"column":61}}],"line":30}},"s":{"0":7,"1":3,"2":3,"3":3,"4":3,"5":6,"6":3,"7":3,"8":2,"9":2,"10":3,"11":0,"12":3,"13":0,"14":3,"15":0,"16":0,"17":0,"18":0,"19":0,"20":3,"21":0,"22":0,"23":3},"f":{"0":3,"1":6,"2":2,"3":0,"4":0,"5":0,"6":0},"b":{"0":[0,0],"1":[0,0]},"_coverageSchema":"1a1c01bbd47fc00a2c39e90264f33305004495a9","hash":"180be6e1df72e40f2590186c3be401225375b791"}
,"C:\\Users\\asus\\Desktop\\mytheresa\\src\\screens\\Welcome\\styles.js": {"path":"C:\\Users\\asus\\Desktop\\mytheresa\\src\\screens\\Welcome\\styles.js","statementMap":{},"fnMap":{},"branchMap":{},"s":{},"f":{},"b":{},"_coverageSchema":"1a1c01bbd47fc00a2c39e90264f33305004495a9","hash":"a40a64b79831fc2d63ce0e67e04f87f20016d103"}
,"C:\\Users\\asus\\Desktop\\mytheresa\\src\\screens\\Welcome\\view.tsx": {"path":"C:\\Users\\asus\\Desktop\\mytheresa\\src\\screens\\Welcome\\view.tsx","statementMap":{"0":{"start":{"line":17,"column":20},"end":{"line":97,"column":1}},"1":{"start":{"line":27,"column":22},"end":{"line":27,"column":38}},"2":{"start":{"line":28,"column":17},"end":{"line":28,"column":55}},"3":{"start":{"line":28,"column":31},"end":{"line":28,"column":50}},"4":{"start":{"line":30,"column":2},"end":{"line":96,"column":4}},"5":{"start":{"line":42,"column":29},"end":{"line":42,"column":56}},"6":{"start":{"line":80,"column":43},"end":{"line":80,"column":57}}},"fnMap":{"0":{"name":"(anonymous_0)","decl":{"start":{"line":17,"column":20},"end":{"line":17,"column":21}},"loc":{"start":{"line":26,"column":24},"end":{"line":97,"column":1}},"line":26},"1":{"name":"(anonymous_1)","decl":{"start":{"line":28,"column":25},"end":{"line":28,"column":26}},"loc":{"start":{"line":28,"column":31},"end":{"line":28,"column":50}},"line":28},"2":{"name":"(anonymous_2)","decl":{"start":{"line":42,"column":23},"end":{"line":42,"column":24}},"loc":{"start":{"line":42,"column":29},"end":{"line":42,"column":56}},"line":42},"3":{"name":"(anonymous_3)","decl":{"start":{"line":80,"column":24},"end":{"line":80,"column":25}},"loc":{"start":{"line":80,"column":43},"end":{"line":80,"column":57}},"line":80}},"branchMap":{"0":{"loc":{"start":{"line":39,"column":9},"end":{"line":53,"column":9}},"type":"binary-expr","locations":[{"start":{"line":39,"column":9},"end":{"line":39,"column":25}},{"start":{"line":40,"column":10},"end":{"line":52,"column":13}}],"line":39},"1":{"loc":{"start":{"line":59,"column":14},"end":{"line":63,"column":29}},"type":"cond-expr","locations":[{"start":{"line":60,"column":18},"end":{"line":62,"column":19}},{"start":{"line":63,"column":18},"end":{"line":63,"column":29}}],"line":59},"2":{"loc":{"start":{"line":84,"column":17},"end":{"line":84,"column":34}},"type":"binary-expr","locations":[{"start":{"line":84,"column":17},"end":{"line":84,"column":21}},{"start":{"line":84,"column":25},"end":{"line":84,"column":34}}],"line":84}},"s":{"0":7,"1":3,"2":3,"3":3,"4":3,"5":1,"6":0},"f":{"0":3,"1":3,"2":1,"3":0},"b":{"0":[3,3],"1":[0,3],"2":[3,3]},"_coverageSchema":"1a1c01bbd47fc00a2c39e90264f33305004495a9","hash":"7f752a4f3e7a8fefeefd4e1253d9a448b0e60c83"}
,"C:\\Users\\asus\\Desktop\\mytheresa\\src\\services\\post.ts": {"path":"C:\\Users\\asus\\Desktop\\mytheresa\\src\\services\\post.ts","statementMap":{"0":{"start":{"line":6,"column":29},"end":{"line":13,"column":1}},"1":{"start":{"line":7,"column":19},"end":{"line":11,"column":4}},"2":{"start":{"line":12,"column":2},"end":{"line":12,"column":24}},"3":{"start":{"line":15,"column":36},"end":{"line":23,"column":1}},"4":{"start":{"line":16,"column":19},"end":{"line":21,"column":4}},"5":{"start":{"line":22,"column":2},"end":{"line":22,"column":24}},"6":{"start":{"line":25,"column":35},"end":{"line":32,"column":1}},"7":{"start":{"line":26,"column":19},"end":{"line":30,"column":4}},"8":{"start":{"line":31,"column":2},"end":{"line":31,"column":24}},"9":{"start":{"line":34,"column":34},"end":{"line":43,"column":1}},"10":{"start":{"line":35,"column":19},"end":{"line":41,"column":4}},"11":{"start":{"line":42,"column":2},"end":{"line":42,"column":24}},"12":{"start":{"line":45,"column":36},"end":{"line":54,"column":1}},"13":{"start":{"line":46,"column":19},"end":{"line":52,"column":4}},"14":{"start":{"line":53,"column":2},"end":{"line":53,"column":24}}},"fnMap":{"0":{"name":"(anonymous_0)","decl":{"start":{"line":6,"column":29},"end":{"line":6,"column":30}},"loc":{"start":{"line":6,"column":41},"end":{"line":13,"column":1}},"line":6},"1":{"name":"(anonymous_1)","decl":{"start":{"line":15,"column":36},"end":{"line":15,"column":37}},"loc":{"start":{"line":15,"column":60},"end":{"line":23,"column":1}},"line":15},"2":{"name":"(anonymous_2)","decl":{"start":{"line":25,"column":35},"end":{"line":25,"column":36}},"loc":{"start":{"line":25,"column":57},"end":{"line":32,"column":1}},"line":25},"3":{"name":"(anonymous_3)","decl":{"start":{"line":34,"column":34},"end":{"line":34,"column":35}},"loc":{"start":{"line":34,"column":73},"end":{"line":43,"column":1}},"line":34},"4":{"name":"(anonymous_4)","decl":{"start":{"line":45,"column":36},"end":{"line":45,"column":37}},"loc":{"start":{"line":45,"column":75},"end":{"line":54,"column":1}},"line":45}},"branchMap":{},"s":{"0":7,"1":0,"2":0,"3":7,"4":0,"5":0,"6":7,"7":0,"8":0,"9":7,"10":0,"11":0,"12":7,"13":0,"14":0},"f":{"0":0,"1":0,"2":0,"3":0,"4":0},"b":{},"_coverageSchema":"1a1c01bbd47fc00a2c39e90264f33305004495a9","hash":"4f501e936fbcc4b42be771bb5d281471209e7d9e"}
,"C:\\Users\\asus\\Desktop\\mytheresa\\src\\store\\constants.js": {"path":"C:\\Users\\asus\\Desktop\\mytheresa\\src\\store\\constants.js","statementMap":{"0":{"start":{"line":1,"column":21},"end":{"line":1,"column":28}},"1":{"start":{"line":2,"column":26},"end":{"line":2,"column":34}},"2":{"start":{"line":3,"column":34},"end":{"line":3,"column":54}},"3":{"start":{"line":4,"column":26},"end":{"line":4,"column":38}},"4":{"start":{"line":5,"column":25},"end":{"line":5,"column":36}},"5":{"start":{"line":6,"column":29},"end":{"line":6,"column":44}},"6":{"start":{"line":7,"column":35},"end":{"line":7,"column":56}},"7":{"start":{"line":8,"column":35},"end":{"line":8,"column":56}},"8":{"start":{"line":9,"column":27},"end":{"line":9,"column":40}},"9":{"start":{"line":10,"column":27},"end":{"line":10,"column":40}},"10":{"start":{"line":11,"column":37},"end":{"line":11,"column":60}},"11":{"start":{"line":12,"column":37},"end":{"line":12,"column":60}},"12":{"start":{"line":13,"column":26},"end":{"line":13,"column":38}},"13":{"start":{"line":14,"column":33},"end":{"line":14,"column":52}}},"fnMap":{},"branchMap":{},"s":{"0":11,"1":11,"2":11,"3":11,"4":11,"5":11,"6":11,"7":11,"8":11,"9":11,"10":11,"11":11,"12":11,"13":11},"f":{},"b":{},"_coverageSchema":"1a1c01bbd47fc00a2c39e90264f33305004495a9","hash":"863f4a3fe14290b28da931097ef336c08b593bb8"}
,"C:\\Users\\asus\\Desktop\\mytheresa\\src\\store\\actions\\posts.ts": {"path":"C:\\Users\\asus\\Desktop\\mytheresa\\src\\store\\actions\\posts.ts","statementMap":{"0":{"start":{"line":21,"column":25},"end":{"line":31,"column":1}},"1":{"start":{"line":21,"column":31},"end":{"line":31,"column":1}},"2":{"start":{"line":22,"column":2},"end":{"line":22,"column":52}},"3":{"start":{"line":23,"column":15},"end":{"line":23,"column":36}},"4":{"start":{"line":24,"column":2},"end":{"line":30,"column":3}},"5":{"start":{"line":25,"column":4},"end":{"line":28,"column":7}},"6":{"start":{"line":29,"column":4},"end":{"line":29,"column":55}},"7":{"start":{"line":33,"column":32},"end":{"line":45,"column":1}},"8":{"start":{"line":33,"column":50},"end":{"line":45,"column":1}},"9":{"start":{"line":36,"column":2},"end":{"line":36,"column":59}},"10":{"start":{"line":37,"column":15},"end":{"line":37,"column":47}},"11":{"start":{"line":38,"column":2},"end":{"line":44,"column":3}},"12":{"start":{"line":39,"column":4},"end":{"line":42,"column":7}},"13":{"start":{"line":43,"column":4},"end":{"line":43,"column":62}},"14":{"start":{"line":47,"column":31},"end":{"line":57,"column":1}},"15":{"start":{"line":47,"column":47},"end":{"line":57,"column":1}},"16":{"start":{"line":48,"column":2},"end":{"line":48,"column":51}},"17":{"start":{"line":49,"column":15},"end":{"line":49,"column":44}},"18":{"start":{"line":50,"column":2},"end":{"line":56,"column":3}},"19":{"start":{"line":51,"column":4},"end":{"line":54,"column":7}},"20":{"start":{"line":55,"column":4},"end":{"line":55,"column":54}},"21":{"start":{"line":59,"column":27},"end":{"line":71,"column":1}},"22":{"start":{"line":59,"column":60},"end":{"line":71,"column":1}},"23":{"start":{"line":62,"column":2},"end":{"line":62,"column":50}},"24":{"start":{"line":63,"column":15},"end":{"line":63,"column":52}},"25":{"start":{"line":64,"column":2},"end":{"line":70,"column":3}},"26":{"start":{"line":65,"column":4},"end":{"line":68,"column":7}},"27":{"start":{"line":69,"column":4},"end":{"line":69,"column":53}},"28":{"start":{"line":73,"column":31},"end":{"line":85,"column":1}},"29":{"start":{"line":73,"column":64},"end":{"line":85,"column":1}},"30":{"start":{"line":76,"column":2},"end":{"line":76,"column":59}},"31":{"start":{"line":77,"column":15},"end":{"line":77,"column":54}},"32":{"start":{"line":78,"column":2},"end":{"line":84,"column":3}},"33":{"start":{"line":79,"column":4},"end":{"line":82,"column":7}},"34":{"start":{"line":83,"column":4},"end":{"line":83,"column":62}},"35":{"start":{"line":87,"column":26},"end":{"line":91,"column":1}},"36":{"start":{"line":87,"column":32},"end":{"line":91,"column":1}},"37":{"start":{"line":88,"column":2},"end":{"line":90,"column":5}},"38":{"start":{"line":93,"column":35},"end":{"line":97,"column":1}},"39":{"start":{"line":93,"column":41},"end":{"line":97,"column":1}},"40":{"start":{"line":94,"column":2},"end":{"line":96,"column":5}},"41":{"start":{"line":99,"column":34},"end":{"line":103,"column":1}},"42":{"start":{"line":99,"column":40},"end":{"line":103,"column":1}},"43":{"start":{"line":100,"column":2},"end":{"line":102,"column":5}},"44":{"start":{"line":105,"column":26},"end":{"line":109,"column":1}},"45":{"start":{"line":105,"column":32},"end":{"line":109,"column":1}},"46":{"start":{"line":106,"column":2},"end":{"line":108,"column":5}}},"fnMap":{"0":{"name":"(anonymous_0)","decl":{"start":{"line":21,"column":25},"end":{"line":21,"column":26}},"loc":{"start":{"line":21,"column":31},"end":{"line":31,"column":1}},"line":21},"1":{"name":"(anonymous_1)","decl":{"start":{"line":21,"column":31},"end":{"line":21,"column":32}},"loc":{"start":{"line":21,"column":61},"end":{"line":31,"column":1}},"line":21},"2":{"name":"(anonymous_2)","decl":{"start":{"line":33,"column":32},"end":{"line":33,"column":33}},"loc":{"start":{"line":33,"column":50},"end":{"line":45,"column":1}},"line":33},"3":{"name":"(anonymous_3)","decl":{"start":{"line":33,"column":50},"end":{"line":33,"column":51}},"loc":{"start":{"line":35,"column":5},"end":{"line":45,"column":1}},"line":35},"4":{"name":"(anonymous_4)","decl":{"start":{"line":47,"column":31},"end":{"line":47,"column":32}},"loc":{"start":{"line":47,"column":47},"end":{"line":57,"column":1}},"line":47},"5":{"name":"(anonymous_5)","decl":{"start":{"line":47,"column":47},"end":{"line":47,"column":48}},"loc":{"start":{"line":47,"column":77},"end":{"line":57,"column":1}},"line":47},"6":{"name":"(anonymous_6)","decl":{"start":{"line":59,"column":27},"end":{"line":59,"column":28}},"loc":{"start":{"line":59,"column":60},"end":{"line":71,"column":1}},"line":59},"7":{"name":"(anonymous_7)","decl":{"start":{"line":59,"column":60},"end":{"line":59,"column":61}},"loc":{"start":{"line":61,"column":5},"end":{"line":71,"column":1}},"line":61},"8":{"name":"(anonymous_8)","decl":{"start":{"line":73,"column":31},"end":{"line":73,"column":32}},"loc":{"start":{"line":73,"column":64},"end":{"line":85,"column":1}},"line":73},"9":{"name":"(anonymous_9)","decl":{"start":{"line":73,"column":64},"end":{"line":73,"column":65}},"loc":{"start":{"line":75,"column":5},"end":{"line":85,"column":1}},"line":75},"10":{"name":"(anonymous_10)","decl":{"start":{"line":87,"column":26},"end":{"line":87,"column":27}},"loc":{"start":{"line":87,"column":32},"end":{"line":91,"column":1}},"line":87},"11":{"name":"(anonymous_11)","decl":{"start":{"line":87,"column":32},"end":{"line":87,"column":33}},"loc":{"start":{"line":87,"column":62},"end":{"line":91,"column":1}},"line":87},"12":{"name":"(anonymous_12)","decl":{"start":{"line":93,"column":35},"end":{"line":93,"column":36}},"loc":{"start":{"line":93,"column":41},"end":{"line":97,"column":1}},"line":93},"13":{"name":"(anonymous_13)","decl":{"start":{"line":93,"column":41},"end":{"line":93,"column":42}},"loc":{"start":{"line":93,"column":71},"end":{"line":97,"column":1}},"line":93},"14":{"name":"(anonymous_14)","decl":{"start":{"line":99,"column":34},"end":{"line":99,"column":35}},"loc":{"start":{"line":99,"column":40},"end":{"line":103,"column":1}},"line":99},"15":{"name":"(anonymous_15)","decl":{"start":{"line":99,"column":40},"end":{"line":99,"column":41}},"loc":{"start":{"line":99,"column":70},"end":{"line":103,"column":1}},"line":99},"16":{"name":"(anonymous_16)","decl":{"start":{"line":105,"column":26},"end":{"line":105,"column":27}},"loc":{"start":{"line":105,"column":32},"end":{"line":109,"column":1}},"line":105},"17":{"name":"(anonymous_17)","decl":{"start":{"line":105,"column":32},"end":{"line":105,"column":33}},"loc":{"start":{"line":105,"column":62},"end":{"line":109,"column":1}},"line":105}},"branchMap":{"0":{"loc":{"start":{"line":24,"column":2},"end":{"line":30,"column":3}},"type":"if","locations":[{"start":{"line":24,"column":2},"end":{"line":30,"column":3}},{"start":{"line":24,"column":2},"end":{"line":30,"column":3}}],"line":24},"1":{"loc":{"start":{"line":24,"column":6},"end":{"line":24,"column":25}},"type":"binary-expr","locations":[{"start":{"line":24,"column":6},"end":{"line":24,"column":10}},{"start":{"line":24,"column":14},"end":{"line":24,"column":25}}],"line":24},"2":{"loc":{"start":{"line":38,"column":2},"end":{"line":44,"column":3}},"type":"if","locations":[{"start":{"line":38,"column":2},"end":{"line":44,"column":3}},{"start":{"line":38,"column":2},"end":{"line":44,"column":3}}],"line":38},"3":{"loc":{"start":{"line":38,"column":6},"end":{"line":38,"column":26}},"type":"binary-expr","locations":[{"start":{"line":38,"column":6},"end":{"line":38,"column":10}},{"start":{"line":38,"column":14},"end":{"line":38,"column":26}}],"line":38},"4":{"loc":{"start":{"line":50,"column":2},"end":{"line":56,"column":3}},"type":"if","locations":[{"start":{"line":50,"column":2},"end":{"line":56,"column":3}},{"start":{"line":50,"column":2},"end":{"line":56,"column":3}}],"line":50},"5":{"loc":{"start":{"line":64,"column":2},"end":{"line":70,"column":3}},"type":"if","locations":[{"start":{"line":64,"column":2},"end":{"line":70,"column":3}},{"start":{"line":64,"column":2},"end":{"line":70,"column":3}}],"line":64},"6":{"loc":{"start":{"line":64,"column":6},"end":{"line":64,"column":26}},"type":"binary-expr","locations":[{"start":{"line":64,"column":6},"end":{"line":64,"column":10}},{"start":{"line":64,"column":14},"end":{"line":64,"column":26}}],"line":64},"7":{"loc":{"start":{"line":78,"column":2},"end":{"line":84,"column":3}},"type":"if","locations":[{"start":{"line":78,"column":2},"end":{"line":84,"column":3}},{"start":{"line":78,"column":2},"end":{"line":84,"column":3}}],"line":78},"8":{"loc":{"start":{"line":78,"column":6},"end":{"line":78,"column":26}},"type":"binary-expr","locations":[{"start":{"line":78,"column":6},"end":{"line":78,"column":10}},{"start":{"line":78,"column":14},"end":{"line":78,"column":26}}],"line":78}},"s":{"0":7,"1":2,"2":0,"3":0,"4":0,"5":0,"6":0,"7":7,"8":2,"9":0,"10":0,"11":0,"12":0,"13":0,"14":7,"15":0,"16":0,"17":0,"18":0,"19":0,"20":0,"21":7,"22":0,"23":0,"24":0,"25":0,"26":0,"27":0,"28":7,"29":0,"30":0,"31":0,"32":0,"33":0,"34":0,"35":7,"36":0,"37":0,"38":7,"39":0,"40":0,"41":7,"42":0,"43":0,"44":7,"45":0,"46":0},"f":{"0":2,"1":0,"2":2,"3":0,"4":0,"5":0,"6":0,"7":0,"8":0,"9":0,"10":0,"11":0,"12":0,"13":0,"14":0,"15":0,"16":0,"17":0},"b":{"0":[0,0],"1":[0,0],"2":[0,0],"3":[0,0],"4":[0,0],"5":[0,0],"6":[0,0],"7":[0,0],"8":[0,0]},"_coverageSchema":"1a1c01bbd47fc00a2c39e90264f33305004495a9","hash":"4be98004e585987fecb647912be02f32213dfabb"}
,"C:\\Users\\asus\\Desktop\\mytheresa\\src\\store\\actions\\user.js": {"path":"C:\\Users\\asus\\Desktop\\mytheresa\\src\\store\\actions\\user.js","statementMap":{"0":{"start":{"line":3,"column":30},"end":{"line":5,"column":1}},"1":{"start":{"line":3,"column":43},"end":{"line":5,"column":1}},"2":{"start":{"line":4,"column":2},"end":{"line":4,"column":37}},"3":{"start":{"line":7,"column":30},"end":{"line":9,"column":1}},"4":{"start":{"line":7,"column":43},"end":{"line":9,"column":1}},"5":{"start":{"line":8,"column":2},"end":{"line":8,"column":45}},"6":{"start":{"line":11,"column":22},"end":{"line":13,"column":1}},"7":{"start":{"line":11,"column":28},"end":{"line":13,"column":1}},"8":{"start":{"line":12,"column":2},"end":{"line":12,"column":33}}},"fnMap":{"0":{"name":"(anonymous_0)","decl":{"start":{"line":3,"column":30},"end":{"line":3,"column":31}},"loc":{"start":{"line":3,"column":43},"end":{"line":5,"column":1}},"line":3},"1":{"name":"(anonymous_1)","decl":{"start":{"line":3,"column":43},"end":{"line":3,"column":44}},"loc":{"start":{"line":3,"column":57},"end":{"line":5,"column":1}},"line":3},"2":{"name":"(anonymous_2)","decl":{"start":{"line":7,"column":30},"end":{"line":7,"column":31}},"loc":{"start":{"line":7,"column":43},"end":{"line":9,"column":1}},"line":7},"3":{"name":"(anonymous_3)","decl":{"start":{"line":7,"column":43},"end":{"line":7,"column":44}},"loc":{"start":{"line":7,"column":57},"end":{"line":9,"column":1}},"line":7},"4":{"name":"(anonymous_4)","decl":{"start":{"line":11,"column":22},"end":{"line":11,"column":23}},"loc":{"start":{"line":11,"column":28},"end":{"line":13,"column":1}},"line":11},"5":{"name":"(anonymous_5)","decl":{"start":{"line":11,"column":28},"end":{"line":11,"column":29}},"loc":{"start":{"line":11,"column":42},"end":{"line":13,"column":1}},"line":11}},"branchMap":{},"s":{"0":7,"1":0,"2":0,"3":7,"4":0,"5":0,"6":7,"7":0,"8":0},"f":{"0":0,"1":0,"2":0,"3":0,"4":0,"5":0},"b":{},"_coverageSchema":"1a1c01bbd47fc00a2c39e90264f33305004495a9","hash":"51be82dae2ca0dfa5436a9c0a6a948aafb5d5b83"}
,"C:\\Users\\asus\\Desktop\\mytheresa\\src\\utils\\image.ts": {"path":"C:\\Users\\asus\\Desktop\\mytheresa\\src\\utils\\image.ts","statementMap":{"0":{"start":{"line":3,"column":31},"end":{"line":10,"column":1}},"1":{"start":{"line":4,"column":21},"end":{"line":4,"column":74}},"2":{"start":{"line":5,"column":2},"end":{"line":8,"column":3}},"3":{"start":{"line":6,"column":4},"end":{"line":6,"column":71}},"4":{"start":{"line":7,"column":4},"end":{"line":7,"column":17}},"5":{"start":{"line":9,"column":2},"end":{"line":9,"column":14}},"6":{"start":{"line":12,"column":25},"end":{"line":21,"column":1}},"7":{"start":{"line":13,"column":15},"end":{"line":18,"column":4}},"8":{"start":{"line":20,"column":2},"end":{"line":20,"column":43}},"9":{"start":{"line":20,"column":25},"end":{"line":20,"column":43}}},"fnMap":{"0":{"name":"(anonymous_0)","decl":{"start":{"line":3,"column":31},"end":{"line":3,"column":32}},"loc":{"start":{"line":3,"column":43},"end":{"line":10,"column":1}},"line":3},"1":{"name":"(anonymous_1)","decl":{"start":{"line":12,"column":25},"end":{"line":12,"column":26}},"loc":{"start":{"line":12,"column":37},"end":{"line":21,"column":1}},"line":12}},"branchMap":{"0":{"loc":{"start":{"line":5,"column":2},"end":{"line":8,"column":3}},"type":"if","locations":[{"start":{"line":5,"column":2},"end":{"line":8,"column":3}},{"start":{"line":5,"column":2},"end":{"line":8,"column":3}}],"line":5},"1":{"loc":{"start":{"line":20,"column":2},"end":{"line":20,"column":43}},"type":"if","locations":[{"start":{"line":20,"column":2},"end":{"line":20,"column":43}},{"start":{"line":20,"column":2},"end":{"line":20,"column":43}}],"line":20}},"s":{"0":7,"1":0,"2":0,"3":0,"4":0,"5":0,"6":7,"7":0,"8":0,"9":0},"f":{"0":0,"1":0},"b":{"0":[0,0],"1":[0,0]},"_coverageSchema":"1a1c01bbd47fc00a2c39e90264f33305004495a9","hash":"ba895156aaf8da44230689c44e525614fe6f181e"}
,"C:\\Users\\asus\\Desktop\\mytheresa\\src\\utils\\testing.js": {"path":"C:\\Users\\asus\\Desktop\\mytheresa\\src\\utils\\testing.js","statementMap":{"0":{"start":{"line":5,"column":18},"end":{"line":5,"column":34}},"1":{"start":{"line":7,"column":12},"end":{"line":7,"column":30}},"2":{"start":{"line":8,"column":14},"end":{"line":8,"column":77}},"3":{"start":{"line":9,"column":19},"end":{"line":9,"column":24}},"4":{"start":{"line":11,"column":0},"end":{"line":11,"column":21}},"5":{"start":{"line":13,"column":24},"end":{"line":30,"column":1}},"6":{"start":{"line":14,"column":2},"end":{"line":14,"column":23}},"7":{"start":{"line":16,"column":4},"end":{"line":19,"column":7}},"8":{"start":{"line":22,"column":2},"end":{"line":22,"column":25}},"9":{"start":{"line":23,"column":2},"end":{"line":23,"column":36}},"10":{"start":{"line":24,"column":2},"end":{"line":26,"column":4}},"11":{"start":{"line":27,"column":2},"end":{"line":27,"column":28}},"12":{"start":{"line":29,"column":2},"end":{"line":29,"column":47}}},"fnMap":{"0":{"name":"(anonymous_0)","decl":{"start":{"line":13,"column":24},"end":{"line":13,"column":25}},"loc":{"start":{"line":13,"column":30},"end":{"line":30,"column":1}},"line":13},"1":{"name":"copyProps","decl":{"start":{"line":15,"column":11},"end":{"line":15,"column":20}},"loc":{"start":{"line":15,"column":34},"end":{"line":20,"column":3}},"line":15}},"branchMap":{},"s":{"0":2,"1":2,"2":2,"3":2,"4":2,"5":2,"6":2,"7":2,"8":2,"9":2,"10":2,"11":2,"12":2},"f":{"0":2,"1":2},"b":{},"_coverageSchema":"1a1c01bbd47fc00a2c39e90264f33305004495a9","hash":"145ed16acf67b7df5ffc7b7f09a89152a12cd896"}
,"C:\\Users\\asus\\Desktop\\mytheresa\\src\\utils\\ui.ts": {"path":"C:\\Users\\asus\\Desktop\\mytheresa\\src\\utils\\ui.ts","statementMap":{"0":{"start":{"line":5,"column":32},"end":{"line":14,"column":1}},"1":{"start":{"line":10,"column":2},"end":{"line":13,"column":5}},"2":{"start":{"line":16,"column":24},"end":{"line":19,"column":1}},"3":{"start":{"line":17,"column":17},"end":{"line":17,"column":45}},"4":{"start":{"line":18,"column":2},"end":{"line":18,"column":24}},"5":{"start":{"line":21,"column":25},"end":{"line":24,"column":10}},"6":{"start":{"line":22,"column":2},"end":{"line":24,"column":10}},"7":{"start":{"line":23,"column":4},"end":{"line":23,"column":11}},"8":{"start":{"line":26,"column":32},"end":{"line":36,"column":1}},"9":{"start":{"line":27,"column":2},"end":{"line":34,"column":5}},"10":{"start":{"line":30,"column":21},"end":{"line":30,"column":25}},"11":{"start":{"line":33,"column":34},"end":{"line":33,"column":55}},"12":{"start":{"line":35,"column":2},"end":{"line":35,"column":14}},"13":{"start":{"line":38,"column":28},"end":{"line":46,"column":1}},"14":{"start":{"line":39,"column":2},"end":{"line":45,"column":5}},"15":{"start":{"line":42,"column":21},"end":{"line":42,"column":25}}},"fnMap":{"0":{"name":"(anonymous_0)","decl":{"start":{"line":5,"column":32},"end":{"line":5,"column":33}},"loc":{"start":{"line":9,"column":5},"end":{"line":14,"column":1}},"line":9},"1":{"name":"(anonymous_1)","decl":{"start":{"line":16,"column":24},"end":{"line":16,"column":25}},"loc":{"start":{"line":16,"column":57},"end":{"line":19,"column":1}},"line":16},"2":{"name":"(anonymous_2)","decl":{"start":{"line":21,"column":25},"end":{"line":21,"column":26}},"loc":{"start":{"line":22,"column":2},"end":{"line":24,"column":10}},"line":22},"3":{"name":"(anonymous_3)","decl":{"start":{"line":22,"column":13},"end":{"line":22,"column":14}},"loc":{"start":{"line":22,"column":19},"end":{"line":24,"column":3}},"line":22},"4":{"name":"(anonymous_4)","decl":{"start":{"line":26,"column":32},"end":{"line":26,"column":33}},"loc":{"start":{"line":26,"column":38},"end":{"line":36,"column":1}},"line":26},"5":{"name":"(anonymous_5)","decl":{"start":{"line":30,"column":15},"end":{"line":30,"column":16}},"loc":{"start":{"line":30,"column":21},"end":{"line":30,"column":25}},"line":30},"6":{"name":"(anonymous_6)","decl":{"start":{"line":33,"column":28},"end":{"line":33,"column":29}},"loc":{"start":{"line":33,"column":34},"end":{"line":33,"column":55}},"line":33},"7":{"name":"(anonymous_7)","decl":{"start":{"line":38,"column":28},"end":{"line":38,"column":29}},"loc":{"start":{"line":38,"column":46},"end":{"line":46,"column":1}},"line":38},"8":{"name":"(anonymous_8)","decl":{"start":{"line":42,"column":15},"end":{"line":42,"column":16}},"loc":{"start":{"line":42,"column":21},"end":{"line":42,"column":25}},"line":42},"9":{"name":"(anonymous_9)","decl":{"start":{"line":44,"column":33},"end":{"line":44,"column":34}},"loc":{"start":{"line":44,"column":39},"end":{"line":44,"column":41}},"line":44}},"branchMap":{},"s":{"0":11,"1":0,"2":11,"3":0,"4":0,"5":11,"6":0,"7":0,"8":11,"9":0,"10":0,"11":0,"12":0,"13":11,"14":1,"15":0},"f":{"0":0,"1":0,"2":0,"3":0,"4":0,"5":0,"6":0,"7":1,"8":0,"9":0},"b":{},"_coverageSchema":"1a1c01bbd47fc00a2c39e90264f33305004495a9","hash":"9645479fb309f3bdc00f2e5b2eaab37afb03f02a"}
}
