TN:
SF:src\app_config.js
FNF:0
FNH:0
DA:1,7
LF:1
LH:1
BRF:0
BRH:0
end_of_record
TN:
SF:src\mocks.js
FN:29,(anonymous_0)
FNF:1
FNH:1
FNDA:2,(anonymous_0)
DA:9,11
DA:10,11
DA:11,11
DA:13,11
DA:29,11
DA:30,2
DA:43,11
DA:47,11
DA:48,11
DA:50,11
DA:51,11
DA:52,11
LF:12
LH:12
BRDA:29,0,0,2
BRF:1
BRH:1
end_of_record
TN:
SF:src\assets\images\placeholder.png
FNF:0
FNH:0
DA:1,7
LF:1
LH:1
BRF:0
BRH:0
end_of_record
TN:
SF:src\assets\images\sad.png
FNF:0
FNH:0
DA:1,7
LF:1
LH:1
BRF:0
BRH:0
end_of_record
TN:
SF:src\assets\images\search.png
FNF:0
FNH:0
DA:1,7
LF:1
LH:1
BRF:0
BRH:0
end_of_record
TN:
SF:src\assets\images\tada.png
FNF:0
FNH:0
DA:1,7
LF:1
LH:1
BRF:0
BRH:0
end_of_record
TN:
SF:src\components\index.js
FNF:0
FNH:0
LF:0
LH:0
BRF:0
BRH:0
end_of_record
TN:
SF:src\components\Carousel\index.tsx
FN:20,(anonymous_0)
FN:27,(anonymous_1)
FN:30,(anonymous_2)
FN:34,(anonymous_3)
FN:46,(anonymous_4)
FNF:5
FNH:2
FNDA:3,(anonymous_0)
FNDA:3,(anonymous_1)
FNDA:0,(anonymous_2)
FNDA:0,(anonymous_3)
FNDA:0,(anonymous_4)
DA:17,11
DA:18,11
DA:20,11
DA:26,3
DA:27,3
DA:28,3
DA:30,0
DA:37,0
DA:46,0
DA:75,11
LF:10
LH:7
BRDA:21,0,0,3
BRDA:23,1,0,3
BRDA:51,2,0,0
BRDA:51,2,1,0
BRDA:59,3,0,0
BRDA:59,3,1,3
BRF:6
BRH:3
end_of_record
TN:
SF:src\components\Layout\index.tsx
FN:14,(anonymous_0)
FN:23,(anonymous_1)
FN:39,(anonymous_2)
FNF:3
FNH:2
FNDA:11,(anonymous_0)
FNDA:11,(anonymous_1)
FNDA:0,(anonymous_2)
DA:14,11
DA:22,11
DA:23,11
DA:24,11
DA:39,0
DA:58,11
LF:6
LH:5
BRDA:16,0,0,9
BRDA:17,1,0,8
BRDA:26,2,0,1
BRDA:26,2,1,10
BRDA:35,3,0,10
BRDA:35,3,1,2
BRF:6
BRH:6
end_of_record
TN:
SF:src\components\List\index.tsx
FN:21,(anonymous_0)
FN:33,(anonymous_1)
FN:47,(anonymous_2)
FN:49,(anonymous_3)
FN:59,(anonymous_4)
FN:75,(anonymous_5)
FN:94,(anonymous_6)
FNF:7
FNH:2
FNDA:1,(anonymous_0)
FNDA:1,(anonymous_1)
FNDA:0,(anonymous_2)
FNDA:0,(anonymous_3)
FNDA:0,(anonymous_4)
FNDA:0,(anonymous_5)
FNDA:0,(anonymous_6)
DA:21,11
DA:32,1
DA:33,1
DA:35,1
DA:47,0
DA:57,0
DA:59,0
DA:75,0
DA:94,0
DA:111,11
LF:10
LH:5
BRDA:24,0,0,1
BRDA:27,1,0,1
BRDA:28,2,0,1
BRDA:37,3,0,1
BRDA:37,3,1,1
BRDA:37,3,2,1
BRDA:37,3,3,0
BRDA:70,4,0,0
BRDA:70,4,1,0
BRDA:73,5,0,0
BRDA:73,5,1,0
BRDA:87,6,0,1
BRDA:87,6,1,0
BRDA:87,6,2,0
BRDA:87,6,3,0
BRDA:97,7,0,1
BRDA:97,7,1,0
BRF:17
BRH:8
end_of_record
TN:
SF:src\components\Section\index.tsx
FN:7,(anonymous_0)
FN:9,(anonymous_1)
FNF:2
FNH:2
FNDA:8,(anonymous_0)
FNDA:8,(anonymous_1)
DA:7,11
DA:8,8
DA:9,8
DA:10,8
DA:20,11
LF:5
LH:5
BRF:0
BRH:0
end_of_record
TN:
SF:src\constants\api.js
FN:3,(anonymous_0)
FNF:1
FNH:1
FNDA:1,(anonymous_0)
DA:1,11
DA:3,11
LF:2
LH:2
BRF:0
BRH:0
end_of_record
TN:
SF:src\constants\colors.ts
FNF:0
FNH:0
DA:1,11
DA:2,11
LF:2
LH:2
BRF:0
BRH:0
end_of_record
TN:
SF:src\constants\general.js
FNF:0
FNH:0
DA:1,11
LF:1
LH:1
BRF:0
BRH:0
end_of_record
TN:
SF:src\constants\layout.ts
FNF:0
FNH:0
DA:3,11
DA:4,11
LF:2
LH:2
BRF:0
BRH:0
end_of_record
TN:
SF:src\constants\ui.js
FNF:0
FNH:0
DA:1,11
DA:2,11
DA:3,11
DA:5,11
LF:4
LH:4
BRF:0
BRH:0
end_of_record
TN:
SF:src\hooks\index.js
FNF:0
FNH:0
LF:0
LH:0
BRF:0
BRH:0
end_of_record
TN:
SF:src\hooks\useBackHandler.ts
FN:7,(anonymous_0)
FN:9,(anonymous_1)
FN:11,(anonymous_2)
FNF:3
FNH:2
FNDA:2,(anonymous_0)
FNDA:2,(anonymous_1)
FNDA:0,(anonymous_2)
DA:7,7
DA:8,2
DA:10,2
DA:11,2
DA:12,0
LF:5
LH:4
BRF:0
BRH:0
end_of_record
TN:
SF:src\hooks\useCachedResources.ts
FN:6,useCachedResources
FN:10,(anonymous_1)
FN:11,loadResourcesAndDataAsync
FNF:3
FNH:0
FNDA:0,useCachedResources
FNDA:0,(anonymous_1)
FNDA:0,loadResourcesAndDataAsync
DA:7,0
DA:10,0
DA:12,0
DA:13,0
DA:16,0
DA:22,0
DA:24,0
DA:25,0
DA:29,0
DA:32,0
LF:10
LH:0
BRF:0
BRH:0
end_of_record
TN:
SF:src\hooks\useColor.ts
FN:5,(anonymous_0)
FN:7,(anonymous_1)
FNF:2
FNH:2
FNDA:3,(anonymous_0)
FNDA:3,(anonymous_1)
DA:5,7
DA:6,3
DA:7,3
DA:8,3
LF:4
LH:4
BRF:0
BRH:0
end_of_record
TN:
SF:src\hooks\useKeyboardHandler.ts
FN:6,(anonymous_0)
FN:7,(anonymous_1)
FN:11,(anonymous_2)
FNF:3
FNH:0
FNDA:0,(anonymous_0)
FNDA:0,(anonymous_1)
FNDA:0,(anonymous_2)
DA:6,7
DA:7,0
DA:8,0
DA:9,0
DA:10,0
DA:11,0
DA:12,0
LF:7
LH:1
BRF:0
BRH:0
end_of_record
TN:
SF:src\screens\NotFound.tsx
FN:7,NotFound
FN:14,(anonymous_1)
FNF:2
FNH:0
FNDA:0,NotFound
FNDA:0,(anonymous_1)
DA:10,0
DA:14,0
DA:23,7
LF:3
LH:1
BRF:0
BRH:0
end_of_record
TN:
SF:src\screens\index.js
FNF:0
FNH:0
LF:0
LH:0
BRF:0
BRH:0
end_of_record
TN:
SF:src\screens\Category\index.tsx
FN:8,(anonymous_0)
FN:11,(anonymous_1)
FN:14,(anonymous_2)
FN:16,(anonymous_3)
FN:18,(anonymous_4)
FN:20,(anonymous_5)
FN:25,(anonymous_6)
FNF:7
FNH:4
FNDA:1,(anonymous_0)
FNDA:2,(anonymous_1)
FNDA:1,(anonymous_2)
FNDA:1,(anonymous_3)
FNDA:0,(anonymous_4)
FNDA:0,(anonymous_5)
FNDA:0,(anonymous_6)
DA:8,7
DA:9,1
DA:10,1
DA:11,2
DA:12,1
DA:14,1
DA:16,1
DA:18,1
DA:19,0
DA:20,0
DA:21,0
DA:25,1
DA:26,0
DA:27,0
DA:28,0
DA:32,1
LF:16
LH:10
BRDA:19,0,0,0
BRDA:19,0,1,0
BRDA:26,1,0,0
BRDA:26,1,1,0
BRF:4
BRH:0
end_of_record
TN:
SF:src\screens\Category\view.tsx
FN:8,(anonymous_0)
FNF:1
FNH:1
FNDA:1,(anonymous_0)
DA:8,7
DA:15,1
DA:17,1
LF:3
LH:3
BRF:0
BRH:0
end_of_record
TN:
SF:src\screens\Favorites\index.tsx
FN:8,(anonymous_0)
FN:10,(anonymous_1)
FN:13,(anonymous_2)
FN:20,(anonymous_3)
FN:23,(anonymous_4)
FNF:5
FNH:2
FNDA:1,(anonymous_0)
FNDA:2,(anonymous_1)
FNDA:0,(anonymous_2)
FNDA:0,(anonymous_3)
FNDA:0,(anonymous_4)
DA:8,7
DA:9,1
DA:10,2
DA:11,1
DA:13,1
DA:14,0
DA:20,0
DA:23,0
DA:28,1
LF:9
LH:6
BRF:0
BRH:0
end_of_record
TN:
SF:src\screens\Favorites\styles.js
FNF:0
FNH:0
LF:0
LH:0
BRF:0
BRH:0
end_of_record
TN:
SF:src\screens\Favorites\view.tsx
FN:12,(anonymous_0)
FN:18,(anonymous_1)
FN:23,(anonymous_2)
FNF:3
FNH:2
FNDA:1,(anonymous_0)
FNDA:1,(anonymous_1)
FNDA:0,(anonymous_2)
DA:12,7
DA:17,1
DA:18,1
DA:19,1
DA:23,0
LF:5
LH:4
BRDA:25,0,0,1
BRDA:25,0,1,0
BRF:2
BRH:1
end_of_record
TN:
SF:src\screens\Home\index.tsx
FN:11,(anonymous_0)
FN:15,(anonymous_1)
FN:16,(anonymous_2)
FN:27,(anonymous_3)
FN:32,(anonymous_4)
FN:37,(anonymous_5)
FN:46,(anonymous_6)
FN:65,(anonymous_7)
FNF:8
FNH:5
FNDA:2,(anonymous_0)
FNDA:4,(anonymous_1)
FNDA:4,(anonymous_2)
FNDA:2,(anonymous_3)
FNDA:0,(anonymous_4)
FNDA:0,(anonymous_5)
FNDA:0,(anonymous_6)
FNDA:1,(anonymous_7)
DA:11,7
DA:12,2
DA:13,2
DA:14,2
DA:15,4
DA:16,4
DA:17,2
DA:24,2
DA:25,2
DA:27,2
DA:28,2
DA:29,2
DA:32,2
DA:33,0
DA:34,0
DA:37,2
DA:38,0
DA:39,0
DA:40,0
DA:41,0
DA:42,0
DA:43,0
DA:46,2
DA:47,0
DA:48,0
DA:51,2
DA:65,1
LF:27
LH:17
BRF:0
BRH:0
end_of_record
TN:
SF:src\screens\Home\styles.js
FNF:0
FNH:0
LF:0
LH:0
BRF:0
BRH:0
end_of_record
TN:
SF:src\screens\Home\view.tsx
FN:24,(anonymous_0)
FN:44,(anonymous_1)
FN:57,(anonymous_2)
FN:60,(anonymous_3)
FN:95,(anonymous_4)
FN:97,(anonymous_5)
FN:114,(anonymous_6)
FNF:7
FNH:2
FNDA:2,(anonymous_0)
FNDA:1,(anonymous_1)
FNDA:0,(anonymous_2)
FNDA:0,(anonymous_3)
FNDA:0,(anonymous_4)
FNDA:0,(anonymous_5)
FNDA:0,(anonymous_6)
DA:21,7
DA:22,7
DA:24,7
DA:37,2
DA:39,2
DA:44,1
DA:57,0
DA:60,0
DA:95,0
DA:98,0
DA:115,0
LF:11
LH:6
BRDA:44,0,0,1
BRDA:44,0,1,0
BRDA:51,1,0,2
BRDA:51,1,1,0
BRDA:96,2,0,0
BRDA:96,2,1,2
BRF:6
BRH:3
end_of_record
TN:
SF:src\screens\MovieDetails\index.tsx
FN:9,(anonymous_0)
FN:11,(anonymous_1)
FN:12,(anonymous_2)
FN:21,(anonymous_3)
FN:23,(anonymous_4)
FN:26,(anonymous_5)
FN:31,(anonymous_6)
FNF:7
FNH:3
FNDA:1,(anonymous_0)
FNDA:2,(anonymous_1)
FNDA:2,(anonymous_2)
FNDA:0,(anonymous_3)
FNDA:0,(anonymous_4)
FNDA:0,(anonymous_5)
FNDA:0,(anonymous_6)
DA:9,7
DA:10,1
DA:11,2
DA:12,2
DA:13,1
DA:19,1
DA:20,1
DA:21,1
DA:23,1
DA:24,0
DA:25,0
DA:26,0
DA:27,0
DA:31,1
DA:32,0
DA:42,1
LF:16
LH:11
BRDA:25,0,0,0
BRDA:25,0,1,0
BRF:2
BRH:0
end_of_record
TN:
SF:src\screens\MovieDetails\styles.js
FNF:0
FNH:0
LF:0
LH:0
BRF:0
BRH:0
end_of_record
TN:
SF:src\screens\MovieDetails\view.tsx
FN:14,(anonymous_0)
FN:21,(anonymous_1)
FN:62,(anonymous_2)
FN:80,(anonymous_3)
FNF:4
FNH:2
FNDA:1,(anonymous_0)
FNDA:1,(anonymous_1)
FNDA:0,(anonymous_2)
FNDA:0,(anonymous_3)
DA:14,7
DA:20,1
DA:21,1
DA:28,1
DA:30,1
DA:63,0
DA:81,0
LF:7
LH:5
BRDA:35,0,0,0
BRDA:35,0,1,1
BRDA:50,1,0,1
BRDA:50,1,1,0
BRDA:55,2,0,1
BRDA:55,2,1,0
BRDA:59,3,0,1
BRDA:59,3,1,0
BRDA:88,4,0,0
BRDA:88,4,1,0
BRF:10
BRH:4
end_of_record
TN:
SF:src\screens\Profile\index.tsx
FN:9,(anonymous_0)
FN:11,(anonymous_1)
FN:14,(anonymous_2)
FNF:3
FNH:2
FNDA:1,(anonymous_0)
FNDA:2,(anonymous_1)
FNDA:0,(anonymous_2)
DA:9,7
DA:10,1
DA:11,2
DA:12,1
DA:14,1
DA:15,0
DA:16,0
DA:19,1
LF:8
LH:6
BRF:0
BRH:0
end_of_record
TN:
SF:src\screens\Profile\styles.js
FNF:0
FNH:0
LF:0
LH:0
BRF:0
BRH:0
end_of_record
TN:
SF:src\screens\Profile\view.tsx
FN:16,(anonymous_0)
FN:23,(anonymous_1)
FN:55,(anonymous_2)
FNF:3
FNH:2
FNDA:1,(anonymous_0)
FNDA:1,(anonymous_1)
FNDA:0,(anonymous_2)
DA:16,7
DA:22,1
DA:23,1
DA:24,1
DA:55,0
LF:5
LH:4
BRDA:32,0,0,0
BRDA:32,0,1,1
BRF:2
BRH:1
end_of_record
TN:
SF:src\screens\Search\index.tsx
FN:8,(anonymous_0)
FN:13,(anonymous_1)
FN:16,(anonymous_2)
FNF:3
FNH:2
FNDA:1,(anonymous_0)
FNDA:2,(anonymous_1)
FNDA:0,(anonymous_2)
DA:8,7
DA:9,1
DA:10,1
DA:11,1
DA:12,1
DA:13,2
DA:14,1
DA:16,1
DA:17,0
DA:18,0
DA:19,0
DA:20,0
DA:23,1
LF:13
LH:9
BRDA:16,0,0,0
BRDA:17,1,0,0
BRDA:17,1,1,0
BRDA:18,2,0,0
BRDA:18,2,1,0
BRDA:18,3,0,0
BRDA:18,3,1,0
BRDA:20,4,0,0
BRDA:20,4,1,0
BRF:9
BRH:0
end_of_record
TN:
SF:src\screens\Search\styles.js
FNF:0
FNH:0
LF:0
LH:0
BRF:0
BRH:0
end_of_record
TN:
SF:src\screens\Search\view.tsx
FN:14,(anonymous_0)
FN:24,(anonymous_1)
FN:31,(anonymous_2)
FN:44,(anonymous_3)
FNF:4
FNH:2
FNDA:1,(anonymous_0)
FNDA:1,(anonymous_1)
FNDA:0,(anonymous_2)
FNDA:0,(anonymous_3)
DA:14,7
DA:23,1
DA:24,1
DA:26,1
DA:31,0
DA:44,0
LF:6
LH:4
BRDA:37,0,0,0
BRDA:37,0,1,1
BRF:2
BRH:1
end_of_record
TN:
SF:src\screens\Welcome\index.tsx
FN:10,(anonymous_0)
FN:14,(anonymous_1)
FN:17,(anonymous_2)
FN:22,(anonymous_3)
FN:24,(anonymous_4)
FN:26,(anonymous_5)
FN:33,(anonymous_6)
FNF:7
FNH:3
FNDA:3,(anonymous_0)
FNDA:6,(anonymous_1)
FNDA:2,(anonymous_2)
FNDA:0,(anonymous_3)
FNDA:0,(anonymous_4)
FNDA:0,(anonymous_5)
FNDA:0,(anonymous_6)
DA:10,7
DA:11,3
DA:12,3
DA:13,3
DA:14,6
DA:15,3
DA:17,3
DA:18,2
DA:19,2
DA:22,3
DA:24,3
DA:26,3
DA:28,0
DA:29,0
DA:30,0
DA:33,3
DA:34,0
DA:35,0
DA:38,3
LF:19
LH:14
BRDA:29,0,0,0
BRDA:29,0,1,0
BRDA:30,1,0,0
BRDA:30,1,1,0
BRF:4
BRH:0
end_of_record
TN:
SF:src\screens\Welcome\styles.js
FNF:0
FNH:0
LF:0
LH:0
BRF:0
BRH:0
end_of_record
TN:
SF:src\screens\Welcome\view.tsx
FN:17,(anonymous_0)
FN:28,(anonymous_1)
FN:42,(anonymous_2)
FN:80,(anonymous_3)
FNF:4
FNH:3
FNDA:3,(anonymous_0)
FNDA:3,(anonymous_1)
FNDA:1,(anonymous_2)
FNDA:0,(anonymous_3)
DA:17,7
DA:27,3
DA:28,3
DA:30,3
DA:42,1
DA:80,0
LF:6
LH:5
BRDA:39,0,0,3
BRDA:39,0,1,3
BRDA:59,1,0,0
BRDA:59,1,1,3
BRDA:84,2,0,3
BRDA:84,2,1,3
BRF:6
BRH:5
end_of_record
TN:
SF:src\services\post.ts
FN:6,(anonymous_0)
FN:15,(anonymous_1)
FN:25,(anonymous_2)
FN:34,(anonymous_3)
FN:45,(anonymous_4)
FNF:5
FNH:0
FNDA:0,(anonymous_0)
FNDA:0,(anonymous_1)
FNDA:0,(anonymous_2)
FNDA:0,(anonymous_3)
FNDA:0,(anonymous_4)
DA:6,7
DA:7,0
DA:12,0
DA:15,7
DA:16,0
DA:22,0
DA:25,7
DA:26,0
DA:31,0
DA:34,7
DA:35,0
DA:42,0
DA:45,7
DA:46,0
DA:53,0
LF:15
LH:5
BRF:0
BRH:0
end_of_record
TN:
SF:src\store\constants.js
FNF:0
FNH:0
DA:1,11
DA:2,11
DA:3,11
DA:4,11
DA:5,11
DA:6,11
DA:7,11
DA:8,11
DA:9,11
DA:10,11
DA:11,11
DA:12,11
DA:13,11
DA:14,11
LF:14
LH:14
BRF:0
BRH:0
end_of_record
TN:
SF:src\store\actions\posts.ts
FN:21,(anonymous_0)
FN:21,(anonymous_1)
FN:33,(anonymous_2)
FN:33,(anonymous_3)
FN:47,(anonymous_4)
FN:47,(anonymous_5)
FN:59,(anonymous_6)
FN:59,(anonymous_7)
FN:73,(anonymous_8)
FN:73,(anonymous_9)
FN:87,(anonymous_10)
FN:87,(anonymous_11)
FN:93,(anonymous_12)
FN:93,(anonymous_13)
FN:99,(anonymous_14)
FN:99,(anonymous_15)
FN:105,(anonymous_16)
FN:105,(anonymous_17)
FNF:18
FNH:2
FNDA:2,(anonymous_0)
FNDA:0,(anonymous_1)
FNDA:2,(anonymous_2)
FNDA:0,(anonymous_3)
FNDA:0,(anonymous_4)
FNDA:0,(anonymous_5)
FNDA:0,(anonymous_6)
FNDA:0,(anonymous_7)
FNDA:0,(anonymous_8)
FNDA:0,(anonymous_9)
FNDA:0,(anonymous_10)
FNDA:0,(anonymous_11)
FNDA:0,(anonymous_12)
FNDA:0,(anonymous_13)
FNDA:0,(anonymous_14)
FNDA:0,(anonymous_15)
FNDA:0,(anonymous_16)
FNDA:0,(anonymous_17)
DA:21,7
DA:22,0
DA:23,0
DA:24,0
DA:25,0
DA:29,0
DA:33,7
DA:36,0
DA:37,0
DA:38,0
DA:39,0
DA:43,0
DA:47,7
DA:48,0
DA:49,0
DA:50,0
DA:51,0
DA:55,0
DA:59,7
DA:62,0
DA:63,0
DA:64,0
DA:65,0
DA:69,0
DA:73,7
DA:76,0
DA:77,0
DA:78,0
DA:79,0
DA:83,0
DA:87,7
DA:88,0
DA:93,7
DA:94,0
DA:99,7
DA:100,0
DA:105,7
DA:106,0
LF:38
LH:9
BRDA:24,0,0,0
BRDA:24,0,1,0
BRDA:24,1,0,0
BRDA:24,1,1,0
BRDA:38,2,0,0
BRDA:38,2,1,0
BRDA:38,3,0,0
BRDA:38,3,1,0
BRDA:50,4,0,0
BRDA:50,4,1,0
BRDA:64,5,0,0
BRDA:64,5,1,0
BRDA:64,6,0,0
BRDA:64,6,1,0
BRDA:78,7,0,0
BRDA:78,7,1,0
BRDA:78,8,0,0
BRDA:78,8,1,0
BRF:18
BRH:0
end_of_record
TN:
SF:src\store\actions\user.js
FN:3,(anonymous_0)
FN:3,(anonymous_1)
FN:7,(anonymous_2)
FN:7,(anonymous_3)
FN:11,(anonymous_4)
FN:11,(anonymous_5)
FNF:6
FNH:0
FNDA:0,(anonymous_0)
FNDA:0,(anonymous_1)
FNDA:0,(anonymous_2)
FNDA:0,(anonymous_3)
FNDA:0,(anonymous_4)
FNDA:0,(anonymous_5)
DA:3,7
DA:4,0
DA:7,7
DA:8,0
DA:11,7
DA:12,0
LF:6
LH:3
BRF:0
BRH:0
end_of_record
TN:
SF:src\utils\image.ts
FN:3,(anonymous_0)
FN:12,(anonymous_1)
FNF:2
FNH:0
FNDA:0,(anonymous_0)
FNDA:0,(anonymous_1)
DA:3,7
DA:4,0
DA:5,0
DA:6,0
DA:7,0
DA:9,0
DA:12,7
DA:13,0
DA:20,0
LF:9
LH:2
BRDA:5,0,0,0
BRDA:5,0,1,0
BRDA:20,1,0,0
BRDA:20,1,1,0
BRF:4
BRH:0
end_of_record
TN:
SF:src\utils\testing.js
FN:13,(anonymous_0)
FN:15,copyProps
FNF:2
FNH:2
FNDA:2,(anonymous_0)
FNDA:2,copyProps
DA:5,2
DA:7,2
DA:8,2
DA:9,2
DA:11,2
DA:13,2
DA:14,2
DA:16,2
DA:22,2
DA:23,2
DA:24,2
DA:27,2
DA:29,2
LF:13
LH:13
BRF:0
BRH:0
end_of_record
TN:
SF:src\utils\ui.ts
FN:5,(anonymous_0)
FN:16,(anonymous_1)
FN:21,(anonymous_2)
FN:22,(anonymous_3)
FN:26,(anonymous_4)
FN:30,(anonymous_5)
FN:33,(anonymous_6)
FN:38,(anonymous_7)
FN:42,(anonymous_8)
FN:44,(anonymous_9)
FNF:10
FNH:1
FNDA:0,(anonymous_0)
FNDA:0,(anonymous_1)
FNDA:0,(anonymous_2)
FNDA:0,(anonymous_3)
FNDA:0,(anonymous_4)
FNDA:0,(anonymous_5)
FNDA:0,(anonymous_6)
FNDA:1,(anonymous_7)
FNDA:0,(anonymous_8)
FNDA:0,(anonymous_9)
DA:5,11
DA:10,0
DA:16,11
DA:17,0
DA:18,0
DA:21,11
DA:22,0
DA:23,0
DA:26,11
DA:27,0
DA:30,0
DA:33,0
DA:35,0
DA:38,11
DA:39,1
DA:42,0
LF:16
LH:6
BRF:0
BRH:0
end_of_record
